{"/home/runner/work/kuroco-sdk/kuroco-sdk/src/index.ts": {"path":"/home/runner/work/kuroco-sdk/kuroco-sdk/src/index.ts","statementMap":{},"fnMap":{},"branchMap":{},"s":{},"f":{},"b":{}}
,"/home/runner/work/kuroco-sdk/kuroco-sdk/src/__base/index.ts": {"path":"/home/runner/work/kuroco-sdk/kuroco-sdk/src/__base/index.ts","statementMap":{"0":{"start":{"line":28,"column":4},"end":{"line":28,"column":63}},"1":{"start":{"line":29,"column":4},"end":{"line":29,"column":50}},"2":{"start":{"line":29,"column":24},"end":{"line":29,"column":48}},"3":{"start":{"line":33,"column":4},"end":{"line":33,"column":58}},"4":{"start":{"line":34,"column":4},"end":{"line":34,"column":30}},"5":{"start":{"line":35,"column":4},"end":{"line":35,"column":25}},"6":{"start":{"line":39,"column":4},"end":{"line":39,"column":69}}},"fnMap":{"0":{"name":"handleSuccess","decl":{"start":{"line":27,"column":16},"end":{"line":27,"column":29}},"loc":{"start":{"line":27,"column":49},"end":{"line":30,"column":1}},"line":27},"1":{"name":"(anonymous_1)","decl":{"start":{"line":29,"column":17},"end":{"line":29,"column":18}},"loc":{"start":{"line":29,"column":24},"end":{"line":29,"column":48}},"line":29},"2":{"name":"handleError","decl":{"start":{"line":32,"column":16},"end":{"line":32,"column":27}},"loc":{"start":{"line":32,"column":36},"end":{"line":36,"column":1}},"line":32},"3":{"name":"log","decl":{"start":{"line":38,"column":9},"end":{"line":38,"column":12}},"loc":{"start":{"line":38,"column":47},"end":{"line":40,"column":1}},"line":38}},"branchMap":{},"s":{"0":0,"1":0,"2":0,"3":0,"4":0,"5":0,"6":0},"f":{"0":0,"1":0,"2":0,"3":0},"b":{},"_coverageSchema":"1a1c01bbd47fc00a2c39e90264f33305004495a9","hash":"422395e9a54571270d94da21d3194b89f9fa9a01"}
,"/home/runner/work/kuroco-sdk/kuroco-sdk/src/generator/index.ts": {"path":"/home/runner/work/kuroco-sdk/kuroco-sdk/src/generator/index.ts","statementMap":{"0":{"start":{"line":26,"column":4},"end":{"line":39,"column":5}},"1":{"start":{"line":28,"column":24},"end":{"line":28,"column":71}},"2":{"start":{"line":29,"column":26},"end":{"line":29,"column":51}},"3":{"start":{"line":31,"column":23},"end":{"line":31,"column":39}},"4":{"start":{"line":32,"column":23},"end":{"line":32,"column":79}},"5":{"start":{"line":33,"column":8},"end":{"line":35,"column":9}},"6":{"start":{"line":34,"column":12},"end":{"line":34,"column":51}},"7":{"start":{"line":36,"column":8},"end":{"line":36,"column":49}},"8":{"start":{"line":38,"column":8},"end":{"line":38,"column":23}}},"fnMap":{"0":{"name":"generate","decl":{"start":{"line":25,"column":16},"end":{"line":25,"column":24}},"loc":{"start":{"line":25,"column":112},"end":{"line":40,"column":1}},"line":25}},"branchMap":{"0":{"loc":{"start":{"line":25,"column":42},"end":{"line":25,"column":54}},"type":"default-arg","locations":[{"start":{"line":25,"column":50},"end":{"line":25,"column":54}}],"line":25},"1":{"loc":{"start":{"line":25,"column":56},"end":{"line":25,"column":85}},"type":"default-arg","locations":[{"start":{"line":25,"column":80},"end":{"line":25,"column":85}}],"line":25},"2":{"loc":{"start":{"line":28,"column":24},"end":{"line":28,"column":71}},"type":"cond-expr","locations":[{"start":{"line":28,"column":42},"end":{"line":28,"column":63}},{"start":{"line":28,"column":66},"end":{"line":28,"column":71}}],"line":28},"3":{"loc":{"start":{"line":33,"column":8},"end":{"line":35,"column":9}},"type":"if","locations":[{"start":{"line":33,"column":8},"end":{"line":35,"column":9}},{"start":{"line":33,"column":8},"end":{"line":35,"column":9}}],"line":33}},"s":{"0":1,"1":1,"2":1,"3":1,"4":1,"5":1,"6":0,"7":1,"8":0},"f":{"0":1},"b":{"0":[0],"1":[0],"2":[1,0],"3":[0,1]},"_coverageSchema":"1a1c01bbd47fc00a2c39e90264f33305004495a9","hash":"e7b477de6806221ca5d668b85f2e8ebfb34baf4a"}
,"/home/runner/work/kuroco-sdk/kuroco-sdk/src/generator/client/interfaces/OperationPattern.ts": {"path":"/home/runner/work/kuroco-sdk/kuroco-sdk/src/generator/client/interfaces/OperationPattern.ts","statementMap":{},"fnMap":{},"branchMap":{},"s":{},"f":{},"b":{},"_coverageSchema":"1a1c01bbd47fc00a2c39e90264f33305004495a9","hash":"58015544a8d5562713003a2ad445a1b907858599"}
,"/home/runner/work/kuroco-sdk/kuroco-sdk/src/generator/openApi/v3/index.ts": {"path":"/home/runner/work/kuroco-sdk/kuroco-sdk/src/generator/openApi/v3/index.ts","statementMap":{"0":{"start":{"line":15,"column":20},"end":{"line":15,"column":59}},"1":{"start":{"line":16,"column":19},"end":{"line":16,"column":37}},"2":{"start":{"line":17,"column":19},"end":{"line":17,"column":37}},"3":{"start":{"line":18,"column":21},"end":{"line":18,"column":41}},"4":{"start":{"line":19,"column":21},"end":{"line":19,"column":41}},"5":{"start":{"line":20,"column":4},"end":{"line":20,"column":59}}},"fnMap":{"0":{"name":"parse","decl":{"start":{"line":14,"column":16},"end":{"line":14,"column":21}},"loc":{"start":{"line":14,"column":61},"end":{"line":21,"column":1}},"line":14}},"branchMap":{},"s":{"0":1,"1":1,"2":1,"3":1,"4":1,"5":1},"f":{"0":1},"b":{},"_coverageSchema":"1a1c01bbd47fc00a2c39e90264f33305004495a9","hash":"87b940eb557a22295ec42ce4bb4fcfd2281905bb"}
,"/home/runner/work/kuroco-sdk/kuroco-sdk/src/generator/openApi/v3/interfaces/Extensions/WithEnumExtension.ts": {"path":"/home/runner/work/kuroco-sdk/kuroco-sdk/src/generator/openApi/v3/interfaces/Extensions/WithEnumExtension.ts","statementMap":{},"fnMap":{},"branchMap":{},"s":{},"f":{},"b":{}}
,"/home/runner/work/kuroco-sdk/kuroco-sdk/src/generator/openApi/v3/parser/constants.ts": {"path":"/home/runner/work/kuroco-sdk/kuroco-sdk/src/generator/openApi/v3/parser/constants.ts","statementMap":{"0":{"start":{"line":12,"column":29},"end":{"line":35,"column":2}}},"fnMap":{},"branchMap":{},"s":{"0":4},"f":{},"b":{},"_coverageSchema":"1a1c01bbd47fc00a2c39e90264f33305004495a9","hash":"ddbf574ba2edb3c608ea4f0e71eed86be9e284e4"}
,"/home/runner/work/kuroco-sdk/kuroco-sdk/src/generator/openApi/v3/parser/extendEnum.ts": {"path":"/home/runner/work/kuroco-sdk/kuroco-sdk/src/generator/openApi/v3/parser/extendEnum.ts","statementMap":{"0":{"start":{"line":4,"column":23},"end":{"line":4,"column":40}},"1":{"start":{"line":5,"column":30},"end":{"line":5,"column":51}},"2":{"start":{"line":14,"column":18},"end":{"line":14,"column":44}},"3":{"start":{"line":15,"column":25},"end":{"line":15,"column":58}},"4":{"start":{"line":17,"column":4},"end":{"line":22,"column":8}},"5":{"start":{"line":17,"column":51},"end":{"line":22,"column":5}}},"fnMap":{"0":{"name":"extendEnum","decl":{"start":{"line":13,"column":16},"end":{"line":13,"column":26}},"loc":{"start":{"line":13,"column":87},"end":{"line":23,"column":1}},"line":13},"1":{"name":"(anonymous_1)","decl":{"start":{"line":17,"column":27},"end":{"line":17,"column":28}},"loc":{"start":{"line":17,"column":51},"end":{"line":22,"column":5}},"line":17}},"branchMap":{"0":{"loc":{"start":{"line":18,"column":14},"end":{"line":18,"column":56}},"type":"binary-expr","locations":[{"start":{"line":18,"column":15},"end":{"line":18,"column":20}},{"start":{"line":18,"column":24},"end":{"line":18,"column":36}},{"start":{"line":18,"column":41},"end":{"line":18,"column":56}}],"line":18},"1":{"loc":{"start":{"line":19,"column":21},"end":{"line":19,"column":84}},"type":"binary-expr","locations":[{"start":{"line":19,"column":22},"end":{"line":19,"column":34}},{"start":{"line":19,"column":38},"end":{"line":19,"column":57}},{"start":{"line":19,"column":62},"end":{"line":19,"column":84}}],"line":19}},"s":{"0":1,"1":1,"2":9,"3":9,"4":9,"5":27},"f":{"0":9,"1":27},"b":{"0":[27,3,24],"1":[27,3,24]},"_coverageSchema":"1a1c01bbd47fc00a2c39e90264f33305004495a9","hash":"480ad9dd3d1c9c4da7001ac419636c6365dc23d3"}
,"/home/runner/work/kuroco-sdk/kuroco-sdk/src/generator/openApi/v3/parser/getComment.ts": {"path":"/home/runner/work/kuroco-sdk/kuroco-sdk/src/generator/openApi/v3/parser/getComment.ts","statementMap":{"0":{"start":{"line":9,"column":4},"end":{"line":11,"column":5}},"1":{"start":{"line":10,"column":8},"end":{"line":10,"column":79}},"2":{"start":{"line":10,"column":55},"end":{"line":10,"column":77}},"3":{"start":{"line":12,"column":4},"end":{"line":12,"column":16}}},"fnMap":{"0":{"name":"getComment","decl":{"start":{"line":8,"column":16},"end":{"line":8,"column":26}},"loc":{"start":{"line":8,"column":60},"end":{"line":13,"column":1}},"line":8},"1":{"name":"(anonymous_1)","decl":{"start":{"line":10,"column":45},"end":{"line":10,"column":46}},"loc":{"start":{"line":10,"column":55},"end":{"line":10,"column":77}},"line":10}},"branchMap":{"0":{"loc":{"start":{"line":9,"column":4},"end":{"line":11,"column":5}},"type":"if","locations":[{"start":{"line":9,"column":4},"end":{"line":11,"column":5}},{"start":{"line":9,"column":4},"end":{"line":11,"column":5}}],"line":9}},"s":{"0":354,"1":116,"2":9,"3":238},"f":{"0":354,"1":9},"b":{"0":[116,238]},"_coverageSchema":"1a1c01bbd47fc00a2c39e90264f33305004495a9","hash":"4ee7463b48f4c99df2d914f505cd08548c7f6ce7"}
,"/home/runner/work/kuroco-sdk/kuroco-sdk/src/generator/openApi/v3/parser/getContent.ts": {"path":"/home/runner/work/kuroco-sdk/kuroco-sdk/src/generator/openApi/v3/parser/getContent.ts","statementMap":{"0":{"start":{"line":9,"column":4},"end":{"line":30,"column":14}}},"fnMap":{"0":{"name":"getContent","decl":{"start":{"line":7,"column":16},"end":{"line":7,"column":26}},"loc":{"start":{"line":7,"column":106},"end":{"line":31,"column":1}},"line":7}},"branchMap":{"0":{"loc":{"start":{"line":9,"column":11},"end":{"line":30,"column":13}},"type":"binary-expr","locations":[{"start":{"line":10,"column":8},"end":{"line":10,"column":51}},{"start":{"line":11,"column":8},"end":{"line":11,"column":58}},{"start":{"line":13,"column":8},"end":{"line":13,"column":45}},{"start":{"line":14,"column":8},"end":{"line":14,"column":52}},{"start":{"line":16,"column":8},"end":{"line":16,"column":38}},{"start":{"line":17,"column":8},"end":{"line":17,"column":45}},{"start":{"line":19,"column":8},"end":{"line":19,"column":38}},{"start":{"line":20,"column":8},"end":{"line":20,"column":45}},{"start":{"line":22,"column":8},"end":{"line":22,"column":44}},{"start":{"line":23,"column":8},"end":{"line":23,"column":51}},{"start":{"line":25,"column":8},"end":{"line":25,"column":46}},{"start":{"line":26,"column":8},"end":{"line":26,"column":53}},{"start":{"line":28,"column":8},"end":{"line":28,"column":44}},{"start":{"line":29,"column":8},"end":{"line":29,"column":51}},{"start":{"line":30,"column":9},"end":{"line":30,"column":13}}],"line":9}},"s":{"0":26},"f":{"0":26},"b":{"0":[26,1,25,24,1,0,1,0,1,1,0,0,0,0,0]},"_coverageSchema":"1a1c01bbd47fc00a2c39e90264f33305004495a9","hash":"7a19b577341d4988fc93aee1450a2ef21e2972bc"}
,"/home/runner/work/kuroco-sdk/kuroco-sdk/src/generator/openApi/v3/parser/getEnum.ts": {"path":"/home/runner/work/kuroco-sdk/kuroco-sdk/src/generator/openApi/v3/parser/getEnum.ts","statementMap":{"0":{"start":{"line":5,"column":4},"end":{"line":26,"column":5}},"1":{"start":{"line":6,"column":8},"end":{"line":25,"column":15}},"2":{"start":{"line":8,"column":16},"end":{"line":8,"column":52}},"3":{"start":{"line":11,"column":16},"end":{"line":18,"column":17}},"4":{"start":{"line":12,"column":20},"end":{"line":17,"column":22}},"5":{"start":{"line":19,"column":16},"end":{"line":24,"column":18}},"6":{"start":{"line":27,"column":4},"end":{"line":27,"column":14}}},"fnMap":{"0":{"name":"getEnum","decl":{"start":{"line":4,"column":16},"end":{"line":4,"column":23}},"loc":{"start":{"line":4,"column":62},"end":{"line":28,"column":1}},"line":4},"1":{"name":"(anonymous_1)","decl":{"start":{"line":7,"column":20},"end":{"line":7,"column":21}},"loc":{"start":{"line":7,"column":43},"end":{"line":9,"column":13}},"line":7},"2":{"name":"(anonymous_2)","decl":{"start":{"line":10,"column":17},"end":{"line":10,"column":18}},"loc":{"start":{"line":10,"column":26},"end":{"line":25,"column":13}},"line":10}},"branchMap":{"0":{"loc":{"start":{"line":5,"column":4},"end":{"line":26,"column":5}},"type":"if","locations":[{"start":{"line":5,"column":4},"end":{"line":26,"column":5}},{"start":{"line":5,"column":4},"end":{"line":26,"column":5}}],"line":5},"1":{"loc":{"start":{"line":11,"column":16},"end":{"line":18,"column":17}},"type":"if","locations":[{"start":{"line":11,"column":16},"end":{"line":18,"column":17}},{"start":{"line":11,"column":16},"end":{"line":18,"column":17}}],"line":11}},"s":{"0":9,"1":9,"2":27,"3":27,"4":6,"5":21,"6":0},"f":{"0":9,"1":27,"2":27},"b":{"0":[9,0],"1":[6,21]},"_coverageSchema":"1a1c01bbd47fc00a2c39e90264f33305004495a9","hash":"b1607464b7d445a6ad9210093df68dbb64b3f3fd"}
,"/home/runner/work/kuroco-sdk/kuroco-sdk/src/generator/openApi/v3/parser/getEnumFromDescription.ts": {"path":"/home/runner/work/kuroco-sdk/kuroco-sdk/src/generator/openApi/v3/parser/getEnumFromDescription.ts","statementMap":{"0":{"start":{"line":7,"column":4},"end":{"line":30,"column":5}},"1":{"start":{"line":8,"column":24},"end":{"line":8,"column":60}},"2":{"start":{"line":9,"column":8},"end":{"line":29,"column":9}},"3":{"start":{"line":11,"column":36},"end":{"line":11,"column":38}},"4":{"start":{"line":12,"column":12},"end":{"line":23,"column":15}},"5":{"start":{"line":13,"column":29},"end":{"line":13,"column":48}},"6":{"start":{"line":14,"column":30},"end":{"line":14,"column":82}},"7":{"start":{"line":15,"column":16},"end":{"line":22,"column":17}},"8":{"start":{"line":16,"column":20},"end":{"line":21,"column":23}},"9":{"start":{"line":26,"column":12},"end":{"line":28,"column":15}},"10":{"start":{"line":27,"column":16},"end":{"line":27,"column":81}},"11":{"start":{"line":27,"column":39},"end":{"line":27,"column":48}},"12":{"start":{"line":32,"column":4},"end":{"line":32,"column":14}}},"fnMap":{"0":{"name":"getEnumFromDescription","decl":{"start":{"line":4,"column":16},"end":{"line":4,"column":38}},"loc":{"start":{"line":4,"column":68},"end":{"line":33,"column":1}},"line":4},"1":{"name":"(anonymous_1)","decl":{"start":{"line":12,"column":28},"end":{"line":12,"column":29}},"loc":{"start":{"line":12,"column":37},"end":{"line":23,"column":13}},"line":12},"2":{"name":"(anonymous_2)","decl":{"start":{"line":26,"column":34},"end":{"line":26,"column":35}},"loc":{"start":{"line":26,"column":58},"end":{"line":28,"column":13}},"line":26},"3":{"name":"(anonymous_3)","decl":{"start":{"line":27,"column":31},"end":{"line":27,"column":32}},"loc":{"start":{"line":27,"column":39},"end":{"line":27,"column":48}},"line":27}},"branchMap":{"0":{"loc":{"start":{"line":7,"column":4},"end":{"line":30,"column":5}},"type":"if","locations":[{"start":{"line":7,"column":4},"end":{"line":30,"column":5}},{"start":{"line":7,"column":4},"end":{"line":30,"column":5}}],"line":7},"1":{"loc":{"start":{"line":9,"column":8},"end":{"line":29,"column":9}},"type":"if","locations":[{"start":{"line":9,"column":8},"end":{"line":29,"column":9}},{"start":{"line":9,"column":8},"end":{"line":29,"column":9}}],"line":9},"2":{"loc":{"start":{"line":15,"column":16},"end":{"line":22,"column":17}},"type":"if","locations":[{"start":{"line":15,"column":16},"end":{"line":22,"column":17}},{"start":{"line":15,"column":16},"end":{"line":22,"column":17}}],"line":15},"3":{"loc":{"start":{"line":15,"column":20},"end":{"line":15,"column":51}},"type":"binary-expr","locations":[{"start":{"line":15,"column":20},"end":{"line":15,"column":24}},{"start":{"line":15,"column":28},"end":{"line":15,"column":51}}],"line":15}},"s":{"0":7,"1":4,"2":4,"3":4,"4":4,"5":12,"6":12,"7":12,"8":12,"9":4,"10":12,"11":36,"12":3},"f":{"0":7,"1":12,"2":12,"3":36},"b":{"0":[4,3],"1":[4,0],"2":[12,0],"3":[12,12]},"_coverageSchema":"1a1c01bbd47fc00a2c39e90264f33305004495a9","hash":"2af5cb4de7f31a2cc605a4ee8e2441a28e4dafac"}
,"/home/runner/work/kuroco-sdk/kuroco-sdk/src/generator/openApi/v3/parser/getEnumValues.ts": {"path":"/home/runner/work/kuroco-sdk/kuroco-sdk/src/generator/openApi/v3/parser/getEnumValues.ts","statementMap":{"0":{"start":{"line":7,"column":4},"end":{"line":12,"column":16}},"1":{"start":{"line":8,"column":27},"end":{"line":8,"column":43}},"2":{"start":{"line":10,"column":12},"end":{"line":10,"column":53}}},"fnMap":{"0":{"name":"getEnumValues","decl":{"start":{"line":3,"column":16},"end":{"line":3,"column":29}},"loc":{"start":{"line":3,"column":61},"end":{"line":13,"column":1}},"line":3},"1":{"name":"(anonymous_1)","decl":{"start":{"line":8,"column":13},"end":{"line":8,"column":14}},"loc":{"start":{"line":8,"column":27},"end":{"line":8,"column":43}},"line":8},"2":{"name":"(anonymous_2)","decl":{"start":{"line":9,"column":16},"end":{"line":9,"column":17}},"loc":{"start":{"line":9,"column":44},"end":{"line":11,"column":9}},"line":9}},"branchMap":{},"s":{"0":0,"1":0,"2":0},"f":{"0":0,"1":0,"2":0},"b":{}}
,"/home/runner/work/kuroco-sdk/kuroco-sdk/src/generator/openApi/v3/parser/getMappedType.ts": {"path":"/home/runner/work/kuroco-sdk/kuroco-sdk/src/generator/openApi/v3/parser/getMappedType.ts","statementMap":{"0":{"start":{"line":7,"column":19},"end":{"line":7,"column":56}},"1":{"start":{"line":8,"column":4},"end":{"line":10,"column":5}},"2":{"start":{"line":9,"column":8},"end":{"line":9,"column":22}},"3":{"start":{"line":11,"column":4},"end":{"line":11,"column":16}},"4":{"start":{"line":15,"column":4},"end":{"line":15,"column":49}}},"fnMap":{"0":{"name":"getMappedType","decl":{"start":{"line":6,"column":16},"end":{"line":6,"column":29}},"loc":{"start":{"line":6,"column":66},"end":{"line":12,"column":1}},"line":6},"1":{"name":"hasMappedType","decl":{"start":{"line":14,"column":16},"end":{"line":14,"column":29}},"loc":{"start":{"line":14,"column":53},"end":{"line":16,"column":1}},"line":14}},"branchMap":{"0":{"loc":{"start":{"line":8,"column":4},"end":{"line":10,"column":5}},"type":"if","locations":[{"start":{"line":8,"column":4},"end":{"line":10,"column":5}},{"start":{"line":8,"column":4},"end":{"line":10,"column":5}}],"line":8}},"s":{"0":98,"1":98,"2":96,"3":2,"4":186},"f":{"0":98,"1":186},"b":{"0":[96,2]},"_coverageSchema":"1a1c01bbd47fc00a2c39e90264f33305004495a9","hash":"292483155fa5287f8029575c7d94598e1835d735"}
,"/home/runner/work/kuroco-sdk/kuroco-sdk/src/generator/openApi/v3/parser/getModel.ts": {"path":"/home/runner/work/kuroco-sdk/kuroco-sdk/src/generator/openApi/v3/parser/getModel.ts","statementMap":{"0":{"start":{"line":14,"column":25},"end":{"line":31,"column":5}},"1":{"start":{"line":33,"column":4},"end":{"line":42,"column":5}},"2":{"start":{"line":34,"column":30},"end":{"line":34,"column":54}},"3":{"start":{"line":35,"column":8},"end":{"line":35,"column":35}},"4":{"start":{"line":36,"column":8},"end":{"line":36,"column":40}},"5":{"start":{"line":37,"column":8},"end":{"line":37,"column":40}},"6":{"start":{"line":38,"column":8},"end":{"line":38,"column":48}},"7":{"start":{"line":39,"column":8},"end":{"line":39,"column":53}},"8":{"start":{"line":40,"column":8},"end":{"line":40,"column":59}},"9":{"start":{"line":41,"column":8},"end":{"line":41,"column":21}},"10":{"start":{"line":44,"column":4},"end":{"line":55,"column":5}},"11":{"start":{"line":45,"column":28},"end":{"line":45,"column":52}},"12":{"start":{"line":46,"column":36},"end":{"line":46,"column":71}},"13":{"start":{"line":47,"column":8},"end":{"line":54,"column":9}},"14":{"start":{"line":48,"column":12},"end":{"line":48,"column":34}},"15":{"start":{"line":49,"column":12},"end":{"line":49,"column":44}},"16":{"start":{"line":50,"column":12},"end":{"line":50,"column":44}},"17":{"start":{"line":51,"column":12},"end":{"line":51,"column":52}},"18":{"start":{"line":52,"column":12},"end":{"line":52,"column":63}},"19":{"start":{"line":53,"column":12},"end":{"line":53,"column":25}},"20":{"start":{"line":57,"column":4},"end":{"line":67,"column":5}},"21":{"start":{"line":58,"column":28},"end":{"line":58,"column":74}},"22":{"start":{"line":59,"column":8},"end":{"line":66,"column":9}},"23":{"start":{"line":60,"column":12},"end":{"line":60,"column":34}},"24":{"start":{"line":61,"column":12},"end":{"line":61,"column":44}},"25":{"start":{"line":62,"column":12},"end":{"line":62,"column":44}},"26":{"start":{"line":63,"column":12},"end":{"line":63,"column":44}},"27":{"start":{"line":64,"column":12},"end":{"line":64,"column":63}},"28":{"start":{"line":65,"column":12},"end":{"line":65,"column":25}},"29":{"start":{"line":69,"column":4},"end":{"line":90,"column":5}},"30":{"start":{"line":70,"column":8},"end":{"line":89,"column":9}},"31":{"start":{"line":71,"column":31},"end":{"line":71,"column":61}},"32":{"start":{"line":72,"column":12},"end":{"line":72,"column":35}},"33":{"start":{"line":73,"column":12},"end":{"line":73,"column":41}},"34":{"start":{"line":74,"column":12},"end":{"line":74,"column":41}},"35":{"start":{"line":75,"column":12},"end":{"line":75,"column":49}},"36":{"start":{"line":76,"column":12},"end":{"line":76,"column":54}},"37":{"start":{"line":77,"column":12},"end":{"line":77,"column":63}},"38":{"start":{"line":78,"column":12},"end":{"line":78,"column":25}},"39":{"start":{"line":80,"column":31},"end":{"line":80,"column":66}},"40":{"start":{"line":81,"column":12},"end":{"line":81,"column":35}},"41":{"start":{"line":82,"column":12},"end":{"line":82,"column":41}},"42":{"start":{"line":83,"column":12},"end":{"line":83,"column":41}},"43":{"start":{"line":84,"column":12},"end":{"line":84,"column":49}},"44":{"start":{"line":85,"column":12},"end":{"line":85,"column":36}},"45":{"start":{"line":86,"column":12},"end":{"line":86,"column":54}},"46":{"start":{"line":87,"column":12},"end":{"line":87,"column":63}},"47":{"start":{"line":88,"column":12},"end":{"line":88,"column":25}},"48":{"start":{"line":92,"column":4},"end":{"line":115,"column":5}},"49":{"start":{"line":93,"column":8},"end":{"line":114,"column":9}},"50":{"start":{"line":94,"column":41},"end":{"line":94,"column":86}},"51":{"start":{"line":95,"column":12},"end":{"line":95,"column":40}},"52":{"start":{"line":96,"column":12},"end":{"line":96,"column":51}},"53":{"start":{"line":97,"column":12},"end":{"line":97,"column":51}},"54":{"start":{"line":98,"column":12},"end":{"line":98,"column":59}},"55":{"start":{"line":99,"column":12},"end":{"line":99,"column":64}},"56":{"start":{"line":100,"column":12},"end":{"line":100,"column":45}},"57":{"start":{"line":101,"column":12},"end":{"line":101,"column":63}},"58":{"start":{"line":102,"column":12},"end":{"line":102,"column":25}},"59":{"start":{"line":104,"column":41},"end":{"line":104,"column":91}},"60":{"start":{"line":105,"column":12},"end":{"line":105,"column":40}},"61":{"start":{"line":106,"column":12},"end":{"line":106,"column":51}},"62":{"start":{"line":107,"column":12},"end":{"line":107,"column":51}},"63":{"start":{"line":108,"column":12},"end":{"line":108,"column":59}},"64":{"start":{"line":109,"column":12},"end":{"line":109,"column":46}},"65":{"start":{"line":110,"column":12},"end":{"line":110,"column":64}},"66":{"start":{"line":111,"column":12},"end":{"line":111,"column":45}},"67":{"start":{"line":112,"column":12},"end":{"line":112,"column":63}},"68":{"start":{"line":113,"column":12},"end":{"line":113,"column":25}},"69":{"start":{"line":120,"column":4},"end":{"line":162,"column":5}},"70":{"start":{"line":121,"column":8},"end":{"line":121,"column":33}},"71":{"start":{"line":122,"column":33},"end":{"line":132,"column":19}},"72":{"start":{"line":124,"column":16},"end":{"line":126,"column":17}},"73":{"start":{"line":125,"column":20},"end":{"line":125,"column":104}},"74":{"start":{"line":125,"column":45},"end":{"line":125,"column":65}},"75":{"start":{"line":127,"column":16},"end":{"line":129,"column":17}},"76":{"start":{"line":128,"column":20},"end":{"line":128,"column":104}},"77":{"start":{"line":128,"column":45},"end":{"line":128,"column":65}},"78":{"start":{"line":130,"column":16},"end":{"line":130,"column":46}},"79":{"start":{"line":133,"column":28},"end":{"line":143,"column":24}},"80":{"start":{"line":135,"column":16},"end":{"line":137,"column":17}},"81":{"start":{"line":136,"column":20},"end":{"line":136,"column":64}},"82":{"start":{"line":136,"column":43},"end":{"line":136,"column":50}},"83":{"start":{"line":138,"column":16},"end":{"line":140,"column":17}},"84":{"start":{"line":139,"column":20},"end":{"line":139,"column":191}},"85":{"start":{"line":139,"column":77},"end":{"line":139,"column":117}},"86":{"start":{"line":139,"column":148},"end":{"line":139,"column":185}},"87":{"start":{"line":141,"column":16},"end":{"line":141,"column":30}},"88":{"start":{"line":144,"column":8},"end":{"line":144,"column":33}},"89":{"start":{"line":145,"column":8},"end":{"line":145,"column":33}},"90":{"start":{"line":146,"column":21},"end":{"line":154,"column":30}},"91":{"start":{"line":147,"column":12},"end":{"line":153,"column":14}},"92":{"start":{"line":155,"column":8},"end":{"line":155,"column":37}},"93":{"start":{"line":156,"column":8},"end":{"line":156,"column":37}},"94":{"start":{"line":157,"column":8},"end":{"line":157,"column":31}},"95":{"start":{"line":158,"column":8},"end":{"line":158,"column":33}},"96":{"start":{"line":159,"column":8},"end":{"line":159,"column":43}},"97":{"start":{"line":161,"column":8},"end":{"line":161,"column":21}},"98":{"start":{"line":167,"column":4},"end":{"line":212,"column":5}},"99":{"start":{"line":168,"column":8},"end":{"line":168,"column":33}},"100":{"start":{"line":169,"column":33},"end":{"line":179,"column":19}},"101":{"start":{"line":171,"column":16},"end":{"line":173,"column":17}},"102":{"start":{"line":172,"column":20},"end":{"line":172,"column":104}},"103":{"start":{"line":172,"column":45},"end":{"line":172,"column":65}},"104":{"start":{"line":174,"column":16},"end":{"line":176,"column":17}},"105":{"start":{"line":175,"column":20},"end":{"line":175,"column":104}},"106":{"start":{"line":175,"column":45},"end":{"line":175,"column":65}},"107":{"start":{"line":177,"column":16},"end":{"line":177,"column":46}},"108":{"start":{"line":180,"column":28},"end":{"line":190,"column":24}},"109":{"start":{"line":182,"column":16},"end":{"line":184,"column":17}},"110":{"start":{"line":183,"column":20},"end":{"line":183,"column":64}},"111":{"start":{"line":183,"column":43},"end":{"line":183,"column":50}},"112":{"start":{"line":185,"column":16},"end":{"line":187,"column":17}},"113":{"start":{"line":186,"column":20},"end":{"line":186,"column":191}},"114":{"start":{"line":186,"column":77},"end":{"line":186,"column":117}},"115":{"start":{"line":186,"column":148},"end":{"line":186,"column":185}},"116":{"start":{"line":188,"column":16},"end":{"line":188,"column":30}},"117":{"start":{"line":191,"column":8},"end":{"line":193,"column":9}},"118":{"start":{"line":192,"column":12},"end":{"line":192,"column":42}},"119":{"start":{"line":194,"column":8},"end":{"line":194,"column":33}},"120":{"start":{"line":195,"column":8},"end":{"line":195,"column":33}},"121":{"start":{"line":196,"column":21},"end":{"line":204,"column":30}},"122":{"start":{"line":197,"column":12},"end":{"line":203,"column":14}},"123":{"start":{"line":205,"column":8},"end":{"line":205,"column":37}},"124":{"start":{"line":206,"column":8},"end":{"line":206,"column":37}},"125":{"start":{"line":207,"column":8},"end":{"line":207,"column":31}},"126":{"start":{"line":208,"column":8},"end":{"line":208,"column":33}},"127":{"start":{"line":209,"column":8},"end":{"line":209,"column":43}},"128":{"start":{"line":211,"column":8},"end":{"line":211,"column":21}},"129":{"start":{"line":214,"column":4},"end":{"line":252,"column":5}},"130":{"start":{"line":215,"column":8},"end":{"line":215,"column":35}},"131":{"start":{"line":216,"column":8},"end":{"line":216,"column":40}},"132":{"start":{"line":217,"column":8},"end":{"line":217,"column":40}},"133":{"start":{"line":218,"column":8},"end":{"line":218,"column":59}},"134":{"start":{"line":220,"column":8},"end":{"line":238,"column":9}},"135":{"start":{"line":221,"column":12},"end":{"line":237,"column":15}},"136":{"start":{"line":222,"column":16},"end":{"line":226,"column":17}},"137":{"start":{"line":223,"column":38},"end":{"line":223,"column":58}},"138":{"start":{"line":224,"column":20},"end":{"line":224,"column":55}},"139":{"start":{"line":225,"column":20},"end":{"line":225,"column":55}},"140":{"start":{"line":227,"column":16},"end":{"line":236,"column":17}},"141":{"start":{"line":228,"column":39},"end":{"line":228,"column":74}},"142":{"start":{"line":229,"column":20},"end":{"line":235,"column":23}},"143":{"start":{"line":230,"column":24},"end":{"line":230,"column":56}},"144":{"start":{"line":231,"column":24},"end":{"line":231,"column":64}},"145":{"start":{"line":232,"column":24},"end":{"line":234,"column":25}},"146":{"start":{"line":233,"column":28},"end":{"line":233,"column":55}},"147":{"start":{"line":240,"column":8},"end":{"line":249,"column":9}},"148":{"start":{"line":241,"column":31},"end":{"line":241,"column":70}},"149":{"start":{"line":242,"column":12},"end":{"line":248,"column":15}},"150":{"start":{"line":243,"column":16},"end":{"line":243,"column":48}},"151":{"start":{"line":244,"column":16},"end":{"line":244,"column":56}},"152":{"start":{"line":245,"column":16},"end":{"line":247,"column":17}},"153":{"start":{"line":246,"column":20},"end":{"line":246,"column":47}},"154":{"start":{"line":251,"column":8},"end":{"line":251,"column":21}},"155":{"start":{"line":255,"column":4},"end":{"line":264,"column":5}},"156":{"start":{"line":256,"column":31},"end":{"line":256,"column":55}},"157":{"start":{"line":257,"column":8},"end":{"line":257,"column":33}},"158":{"start":{"line":258,"column":8},"end":{"line":258,"column":41}},"159":{"start":{"line":259,"column":8},"end":{"line":259,"column":41}},"160":{"start":{"line":260,"column":8},"end":{"line":260,"column":49}},"161":{"start":{"line":261,"column":8},"end":{"line":261,"column":54}},"162":{"start":{"line":262,"column":8},"end":{"line":262,"column":59}},"163":{"start":{"line":263,"column":8},"end":{"line":263,"column":21}},"164":{"start":{"line":266,"column":4},"end":{"line":266,"column":17}}},"fnMap":{"0":{"name":"getModel","decl":{"start":{"line":13,"column":16},"end":{"line":13,"column":24}},"loc":{"start":{"line":13,"column":127},"end":{"line":267,"column":1}},"line":13},"1":{"name":"(anonymous_1)","decl":{"start":{"line":123,"column":17},"end":{"line":123,"column":18}},"loc":{"start":{"line":123,"column":22},"end":{"line":131,"column":13}},"line":123},"2":{"name":"(anonymous_2)","decl":{"start":{"line":125,"column":40},"end":{"line":125,"column":41}},"loc":{"start":{"line":125,"column":45},"end":{"line":125,"column":65}},"line":125},"3":{"name":"(anonymous_3)","decl":{"start":{"line":128,"column":40},"end":{"line":128,"column":41}},"loc":{"start":{"line":128,"column":45},"end":{"line":128,"column":65}},"line":128},"4":{"name":"(anonymous_4)","decl":{"start":{"line":134,"column":17},"end":{"line":134,"column":18}},"loc":{"start":{"line":134,"column":22},"end":{"line":142,"column":13}},"line":134},"5":{"name":"(anonymous_5)","decl":{"start":{"line":136,"column":38},"end":{"line":136,"column":39}},"loc":{"start":{"line":136,"column":43},"end":{"line":136,"column":50}},"line":136},"6":{"name":"(anonymous_6)","decl":{"start":{"line":139,"column":72},"end":{"line":139,"column":73}},"loc":{"start":{"line":139,"column":77},"end":{"line":139,"column":117}},"line":139},"7":{"name":"(anonymous_7)","decl":{"start":{"line":139,"column":143},"end":{"line":139,"column":144}},"loc":{"start":{"line":139,"column":148},"end":{"line":139,"column":185}},"line":139},"8":{"name":"(anonymous_8)","decl":{"start":{"line":146,"column":45},"end":{"line":146,"column":46}},"loc":{"start":{"line":146,"column":60},"end":{"line":154,"column":9}},"line":146},"9":{"name":"(anonymous_9)","decl":{"start":{"line":170,"column":17},"end":{"line":170,"column":18}},"loc":{"start":{"line":170,"column":22},"end":{"line":178,"column":13}},"line":170},"10":{"name":"(anonymous_10)","decl":{"start":{"line":172,"column":40},"end":{"line":172,"column":41}},"loc":{"start":{"line":172,"column":45},"end":{"line":172,"column":65}},"line":172},"11":{"name":"(anonymous_11)","decl":{"start":{"line":175,"column":40},"end":{"line":175,"column":41}},"loc":{"start":{"line":175,"column":45},"end":{"line":175,"column":65}},"line":175},"12":{"name":"(anonymous_12)","decl":{"start":{"line":181,"column":17},"end":{"line":181,"column":18}},"loc":{"start":{"line":181,"column":22},"end":{"line":189,"column":13}},"line":181},"13":{"name":"(anonymous_13)","decl":{"start":{"line":183,"column":38},"end":{"line":183,"column":39}},"loc":{"start":{"line":183,"column":43},"end":{"line":183,"column":50}},"line":183},"14":{"name":"(anonymous_14)","decl":{"start":{"line":186,"column":72},"end":{"line":186,"column":73}},"loc":{"start":{"line":186,"column":77},"end":{"line":186,"column":117}},"line":186},"15":{"name":"(anonymous_15)","decl":{"start":{"line":186,"column":143},"end":{"line":186,"column":144}},"loc":{"start":{"line":186,"column":148},"end":{"line":186,"column":185}},"line":186},"16":{"name":"(anonymous_16)","decl":{"start":{"line":196,"column":45},"end":{"line":196,"column":46}},"loc":{"start":{"line":196,"column":60},"end":{"line":204,"column":9}},"line":196},"17":{"name":"(anonymous_17)","decl":{"start":{"line":221,"column":37},"end":{"line":221,"column":38}},"loc":{"start":{"line":221,"column":47},"end":{"line":237,"column":13}},"line":221},"18":{"name":"(anonymous_18)","decl":{"start":{"line":229,"column":39},"end":{"line":229,"column":40}},"loc":{"start":{"line":229,"column":51},"end":{"line":235,"column":21}},"line":229},"19":{"name":"(anonymous_19)","decl":{"start":{"line":242,"column":31},"end":{"line":242,"column":32}},"loc":{"start":{"line":242,"column":43},"end":{"line":248,"column":13}},"line":242}},"branchMap":{"0":{"loc":{"start":{"line":13,"column":70},"end":{"line":13,"column":99}},"type":"default-arg","locations":[{"start":{"line":13,"column":94},"end":{"line":13,"column":99}}],"line":13},"1":{"loc":{"start":{"line":13,"column":101},"end":{"line":13,"column":118}},"type":"default-arg","locations":[{"start":{"line":13,"column":116},"end":{"line":13,"column":118}}],"line":13},"2":{"loc":{"start":{"line":33,"column":4},"end":{"line":42,"column":5}},"type":"if","locations":[{"start":{"line":33,"column":4},"end":{"line":42,"column":5}},{"start":{"line":33,"column":4},"end":{"line":42,"column":5}}],"line":33},"3":{"loc":{"start":{"line":44,"column":4},"end":{"line":55,"column":5}},"type":"if","locations":[{"start":{"line":44,"column":4},"end":{"line":55,"column":5}},{"start":{"line":44,"column":4},"end":{"line":55,"column":5}}],"line":44},"4":{"loc":{"start":{"line":47,"column":8},"end":{"line":54,"column":9}},"type":"if","locations":[{"start":{"line":47,"column":8},"end":{"line":54,"column":9}},{"start":{"line":47,"column":8},"end":{"line":54,"column":9}}],"line":47},"5":{"loc":{"start":{"line":57,"column":4},"end":{"line":67,"column":5}},"type":"if","locations":[{"start":{"line":57,"column":4},"end":{"line":67,"column":5}},{"start":{"line":57,"column":4},"end":{"line":67,"column":5}}],"line":57},"6":{"loc":{"start":{"line":57,"column":8},"end":{"line":57,"column":94}},"type":"binary-expr","locations":[{"start":{"line":57,"column":9},"end":{"line":57,"column":34}},{"start":{"line":57,"column":38},"end":{"line":57,"column":67}},{"start":{"line":57,"column":72},"end":{"line":57,"column":94}}],"line":57},"7":{"loc":{"start":{"line":59,"column":8},"end":{"line":66,"column":9}},"type":"if","locations":[{"start":{"line":59,"column":8},"end":{"line":66,"column":9}},{"start":{"line":59,"column":8},"end":{"line":66,"column":9}}],"line":59},"8":{"loc":{"start":{"line":69,"column":4},"end":{"line":90,"column":5}},"type":"if","locations":[{"start":{"line":69,"column":4},"end":{"line":90,"column":5}},{"start":{"line":69,"column":4},"end":{"line":90,"column":5}}],"line":69},"9":{"loc":{"start":{"line":69,"column":8},"end":{"line":69,"column":55}},"type":"binary-expr","locations":[{"start":{"line":69,"column":8},"end":{"line":69,"column":35}},{"start":{"line":69,"column":39},"end":{"line":69,"column":55}}],"line":69},"10":{"loc":{"start":{"line":70,"column":8},"end":{"line":89,"column":9}},"type":"if","locations":[{"start":{"line":70,"column":8},"end":{"line":89,"column":9}},{"start":{"line":70,"column":8},"end":{"line":89,"column":9}}],"line":70},"11":{"loc":{"start":{"line":92,"column":4},"end":{"line":115,"column":5}},"type":"if","locations":[{"start":{"line":92,"column":4},"end":{"line":115,"column":5}},{"start":{"line":92,"column":4},"end":{"line":115,"column":5}}],"line":92},"12":{"loc":{"start":{"line":92,"column":8},"end":{"line":92,"column":126}},"type":"binary-expr","locations":[{"start":{"line":92,"column":8},"end":{"line":92,"column":36}},{"start":{"line":92,"column":40},"end":{"line":92,"column":71}},{"start":{"line":92,"column":75},"end":{"line":92,"column":126}}],"line":92},"13":{"loc":{"start":{"line":93,"column":8},"end":{"line":114,"column":9}},"type":"if","locations":[{"start":{"line":93,"column":8},"end":{"line":114,"column":9}},{"start":{"line":93,"column":8},"end":{"line":114,"column":9}}],"line":93},"14":{"loc":{"start":{"line":120,"column":4},"end":{"line":162,"column":5}},"type":"if","locations":[{"start":{"line":120,"column":4},"end":{"line":162,"column":5}},{"start":{"line":120,"column":4},"end":{"line":162,"column":5}}],"line":120},"15":{"loc":{"start":{"line":120,"column":8},"end":{"line":120,"column":51}},"type":"binary-expr","locations":[{"start":{"line":120,"column":8},"end":{"line":120,"column":24}},{"start":{"line":120,"column":28},"end":{"line":120,"column":51}}],"line":120},"16":{"loc":{"start":{"line":124,"column":16},"end":{"line":126,"column":17}},"type":"if","locations":[{"start":{"line":124,"column":16},"end":{"line":126,"column":17}},{"start":{"line":124,"column":16},"end":{"line":126,"column":17}}],"line":124},"17":{"loc":{"start":{"line":127,"column":16},"end":{"line":129,"column":17}},"type":"if","locations":[{"start":{"line":127,"column":16},"end":{"line":129,"column":17}},{"start":{"line":127,"column":16},"end":{"line":129,"column":17}}],"line":127},"18":{"loc":{"start":{"line":135,"column":16},"end":{"line":137,"column":17}},"type":"if","locations":[{"start":{"line":135,"column":16},"end":{"line":137,"column":17}},{"start":{"line":135,"column":16},"end":{"line":137,"column":17}}],"line":135},"19":{"loc":{"start":{"line":138,"column":16},"end":{"line":140,"column":17}},"type":"if","locations":[{"start":{"line":138,"column":16},"end":{"line":140,"column":17}},{"start":{"line":138,"column":16},"end":{"line":140,"column":17}}],"line":138},"20":{"loc":{"start":{"line":139,"column":27},"end":{"line":139,"column":190}},"type":"cond-expr","locations":[{"start":{"line":139,"column":55},"end":{"line":139,"column":118}},{"start":{"line":139,"column":121},"end":{"line":139,"column":190}}],"line":139},"21":{"loc":{"start":{"line":148,"column":30},"end":{"line":148,"column":48}},"type":"binary-expr","locations":[{"start":{"line":148,"column":30},"end":{"line":148,"column":42}},{"start":{"line":148,"column":46},"end":{"line":148,"column":48}}],"line":148},"22":{"loc":{"start":{"line":149,"column":30},"end":{"line":149,"column":48}},"type":"binary-expr","locations":[{"start":{"line":149,"column":30},"end":{"line":149,"column":42}},{"start":{"line":149,"column":46},"end":{"line":149,"column":48}}],"line":149},"23":{"loc":{"start":{"line":150,"column":27},"end":{"line":150,"column":42}},"type":"binary-expr","locations":[{"start":{"line":150,"column":27},"end":{"line":150,"column":36}},{"start":{"line":150,"column":40},"end":{"line":150,"column":42}}],"line":150},"24":{"loc":{"start":{"line":151,"column":28},"end":{"line":151,"column":44}},"type":"binary-expr","locations":[{"start":{"line":151,"column":28},"end":{"line":151,"column":38}},{"start":{"line":151,"column":42},"end":{"line":151,"column":44}}],"line":151},"25":{"loc":{"start":{"line":152,"column":33},"end":{"line":152,"column":54}},"type":"binary-expr","locations":[{"start":{"line":152,"column":33},"end":{"line":152,"column":48}},{"start":{"line":152,"column":52},"end":{"line":152,"column":54}}],"line":152},"26":{"loc":{"start":{"line":167,"column":4},"end":{"line":212,"column":5}},"type":"if","locations":[{"start":{"line":167,"column":4},"end":{"line":212,"column":5}},{"start":{"line":167,"column":4},"end":{"line":212,"column":5}}],"line":167},"27":{"loc":{"start":{"line":167,"column":8},"end":{"line":167,"column":51}},"type":"binary-expr","locations":[{"start":{"line":167,"column":8},"end":{"line":167,"column":24}},{"start":{"line":167,"column":28},"end":{"line":167,"column":51}}],"line":167},"28":{"loc":{"start":{"line":171,"column":16},"end":{"line":173,"column":17}},"type":"if","locations":[{"start":{"line":171,"column":16},"end":{"line":173,"column":17}},{"start":{"line":171,"column":16},"end":{"line":173,"column":17}}],"line":171},"29":{"loc":{"start":{"line":174,"column":16},"end":{"line":176,"column":17}},"type":"if","locations":[{"start":{"line":174,"column":16},"end":{"line":176,"column":17}},{"start":{"line":174,"column":16},"end":{"line":176,"column":17}}],"line":174},"30":{"loc":{"start":{"line":182,"column":16},"end":{"line":184,"column":17}},"type":"if","locations":[{"start":{"line":182,"column":16},"end":{"line":184,"column":17}},{"start":{"line":182,"column":16},"end":{"line":184,"column":17}}],"line":182},"31":{"loc":{"start":{"line":185,"column":16},"end":{"line":187,"column":17}},"type":"if","locations":[{"start":{"line":185,"column":16},"end":{"line":187,"column":17}},{"start":{"line":185,"column":16},"end":{"line":187,"column":17}}],"line":185},"32":{"loc":{"start":{"line":186,"column":27},"end":{"line":186,"column":190}},"type":"cond-expr","locations":[{"start":{"line":186,"column":55},"end":{"line":186,"column":118}},{"start":{"line":186,"column":121},"end":{"line":186,"column":190}}],"line":186},"33":{"loc":{"start":{"line":191,"column":8},"end":{"line":193,"column":9}},"type":"if","locations":[{"start":{"line":191,"column":8},"end":{"line":193,"column":9}},{"start":{"line":191,"column":8},"end":{"line":193,"column":9}}],"line":191},"34":{"loc":{"start":{"line":198,"column":30},"end":{"line":198,"column":48}},"type":"binary-expr","locations":[{"start":{"line":198,"column":30},"end":{"line":198,"column":42}},{"start":{"line":198,"column":46},"end":{"line":198,"column":48}}],"line":198},"35":{"loc":{"start":{"line":199,"column":30},"end":{"line":199,"column":48}},"type":"binary-expr","locations":[{"start":{"line":199,"column":30},"end":{"line":199,"column":42}},{"start":{"line":199,"column":46},"end":{"line":199,"column":48}}],"line":199},"36":{"loc":{"start":{"line":200,"column":27},"end":{"line":200,"column":42}},"type":"binary-expr","locations":[{"start":{"line":200,"column":27},"end":{"line":200,"column":36}},{"start":{"line":200,"column":40},"end":{"line":200,"column":42}}],"line":200},"37":{"loc":{"start":{"line":201,"column":28},"end":{"line":201,"column":44}},"type":"binary-expr","locations":[{"start":{"line":201,"column":28},"end":{"line":201,"column":38}},{"start":{"line":201,"column":42},"end":{"line":201,"column":44}}],"line":201},"38":{"loc":{"start":{"line":202,"column":33},"end":{"line":202,"column":54}},"type":"binary-expr","locations":[{"start":{"line":202,"column":33},"end":{"line":202,"column":48}},{"start":{"line":202,"column":52},"end":{"line":202,"column":54}}],"line":202},"39":{"loc":{"start":{"line":214,"column":4},"end":{"line":252,"column":5}},"type":"if","locations":[{"start":{"line":214,"column":4},"end":{"line":252,"column":5}},{"start":{"line":214,"column":4},"end":{"line":252,"column":5}}],"line":214},"40":{"loc":{"start":{"line":220,"column":8},"end":{"line":238,"column":9}},"type":"if","locations":[{"start":{"line":220,"column":8},"end":{"line":238,"column":9}},{"start":{"line":220,"column":8},"end":{"line":238,"column":9}}],"line":220},"41":{"loc":{"start":{"line":222,"column":16},"end":{"line":226,"column":17}},"type":"if","locations":[{"start":{"line":222,"column":16},"end":{"line":226,"column":17}},{"start":{"line":222,"column":16},"end":{"line":226,"column":17}}],"line":222},"42":{"loc":{"start":{"line":227,"column":16},"end":{"line":236,"column":17}},"type":"if","locations":[{"start":{"line":227,"column":16},"end":{"line":236,"column":17}},{"start":{"line":227,"column":16},"end":{"line":236,"column":17}}],"line":227},"43":{"loc":{"start":{"line":227,"column":20},"end":{"line":227,"column":65}},"type":"binary-expr","locations":[{"start":{"line":227,"column":20},"end":{"line":227,"column":44}},{"start":{"line":227,"column":48},"end":{"line":227,"column":65}}],"line":227},"44":{"loc":{"start":{"line":232,"column":24},"end":{"line":234,"column":25}},"type":"if","locations":[{"start":{"line":232,"column":24},"end":{"line":234,"column":25}},{"start":{"line":232,"column":24},"end":{"line":234,"column":25}}],"line":232},"45":{"loc":{"start":{"line":240,"column":8},"end":{"line":249,"column":9}},"type":"if","locations":[{"start":{"line":240,"column":8},"end":{"line":249,"column":9}},{"start":{"line":240,"column":8},"end":{"line":249,"column":9}}],"line":240},"46":{"loc":{"start":{"line":245,"column":16},"end":{"line":247,"column":17}},"type":"if","locations":[{"start":{"line":245,"column":16},"end":{"line":247,"column":17}},{"start":{"line":245,"column":16},"end":{"line":247,"column":17}}],"line":245},"47":{"loc":{"start":{"line":255,"column":4},"end":{"line":264,"column":5}},"type":"if","locations":[{"start":{"line":255,"column":4},"end":{"line":264,"column":5}},{"start":{"line":255,"column":4},"end":{"line":264,"column":5}}],"line":255}},"s":{"0":169,"1":169,"2":13,"3":13,"4":13,"5":13,"6":13,"7":13,"8":13,"9":13,"10":156,"11":9,"12":9,"13":9,"14":9,"15":9,"16":9,"17":9,"18":9,"19":9,"20":147,"21":7,"22":7,"23":4,"24":4,"25":4,"26":4,"27":4,"28":4,"29":143,"30":17,"31":6,"32":6,"33":6,"34":6,"35":6,"36":6,"37":6,"38":6,"39":11,"40":11,"41":11,"42":11,"43":11,"44":11,"45":11,"46":11,"47":11,"48":126,"49":9,"50":1,"51":1,"52":1,"53":1,"54":1,"55":1,"56":1,"57":1,"58":1,"59":8,"60":8,"61":8,"62":8,"63":8,"64":8,"65":8,"66":8,"67":8,"68":8,"69":117,"70":1,"71":1,"72":4,"73":0,"74":0,"75":4,"76":0,"77":0,"78":4,"79":1,"80":4,"81":0,"82":0,"83":4,"84":0,"85":0,"86":0,"87":4,"88":1,"89":1,"90":1,"91":4,"92":1,"93":1,"94":1,"95":1,"96":1,"97":1,"98":116,"99":2,"100":2,"101":8,"102":0,"103":0,"104":8,"105":0,"106":0,"107":8,"108":2,"109":8,"110":0,"111":0,"112":8,"113":0,"114":0,"115":0,"116":8,"117":2,"118":0,"119":2,"120":2,"121":2,"122":8,"123":2,"124":2,"125":2,"126":2,"127":2,"128":2,"129":114,"130":36,"131":36,"132":36,"133":36,"134":36,"135":2,"136":5,"137":3,"138":3,"139":3,"140":5,"141":2,"142":2,"143":4,"144":4,"145":4,"146":0,"147":36,"148":31,"149":31,"150":61,"151":61,"152":61,"153":3,"154":36,"155":78,"156":78,"157":78,"158":78,"159":78,"160":78,"161":78,"162":78,"163":78,"164":0},"f":{"0":169,"1":4,"2":0,"3":0,"4":4,"5":0,"6":0,"7":0,"8":4,"9":8,"10":0,"11":0,"12":8,"13":0,"14":0,"15":0,"16":8,"17":5,"18":4,"19":61},"b":{"0":[126],"1":[126],"2":[13,156],"3":[9,147],"4":[9,0],"5":[7,140],"6":[147,144,13],"7":[4,3],"8":[17,126],"9":[143,17],"10":[6,11],"11":[9,117],"12":[126,48,9],"13":[1,8],"14":[1,116],"15":[117,1],"16":[0,4],"17":[0,4],"18":[0,4],"19":[0,4],"20":[0,0],"21":[4,1],"22":[4,1],"23":[4,1],"24":[4,1],"25":[4,1],"26":[2,114],"27":[116,2],"28":[0,8],"29":[0,8],"30":[0,8],"31":[0,8],"32":[0,0],"33":[0,2],"34":[8,2],"35":[8,2],"36":[8,2],"37":[8,2],"38":[8,2],"39":[36,78],"40":[2,34],"41":[3,2],"42":[2,3],"43":[5,2],"44":[0,4],"45":[31,5],"46":[3,58],"47":[78,0]},"_coverageSchema":"1a1c01bbd47fc00a2c39e90264f33305004495a9","hash":"143a7e3967ebad48bdb0f86f685b7899574a1756"}
,"/home/runner/work/kuroco-sdk/kuroco-sdk/src/generator/openApi/v3/parser/getModelDefault.ts": {"path":"/home/runner/work/kuroco-sdk/kuroco-sdk/src/generator/openApi/v3/parser/getModelDefault.ts","statementMap":{"0":{"start":{"line":5,"column":4},"end":{"line":7,"column":5}},"1":{"start":{"line":6,"column":8},"end":{"line":6,"column":22}},"2":{"start":{"line":9,"column":4},"end":{"line":28,"column":5}},"3":{"start":{"line":11,"column":12},"end":{"line":13,"column":13}},"4":{"start":{"line":12,"column":16},"end":{"line":12,"column":60}},"5":{"start":{"line":14,"column":12},"end":{"line":14,"column":54}},"6":{"start":{"line":17,"column":12},"end":{"line":17,"column":54}},"7":{"start":{"line":20,"column":12},"end":{"line":20,"column":45}},"8":{"start":{"line":23,"column":12},"end":{"line":27,"column":13}},"9":{"start":{"line":24,"column":16},"end":{"line":24,"column":67}},"10":{"start":{"line":30,"column":4},"end":{"line":30,"column":16}}},"fnMap":{"0":{"name":"getModelDefault","decl":{"start":{"line":4,"column":16},"end":{"line":4,"column":31}},"loc":{"start":{"line":4,"column":89},"end":{"line":31,"column":1}},"line":4}},"branchMap":{"0":{"loc":{"start":{"line":5,"column":4},"end":{"line":7,"column":5}},"type":"if","locations":[{"start":{"line":5,"column":4},"end":{"line":7,"column":5}},{"start":{"line":5,"column":4},"end":{"line":7,"column":5}}],"line":5},"1":{"loc":{"start":{"line":9,"column":4},"end":{"line":28,"column":5}},"type":"switch","locations":[{"start":{"line":10,"column":8},"end":{"line":14,"column":54}},{"start":{"line":16,"column":8},"end":{"line":17,"column":54}},{"start":{"line":19,"column":8},"end":{"line":20,"column":45}},{"start":{"line":22,"column":8},"end":{"line":27,"column":13}}],"line":9},"2":{"loc":{"start":{"line":11,"column":12},"end":{"line":13,"column":13}},"type":"if","locations":[{"start":{"line":11,"column":12},"end":{"line":13,"column":13}},{"start":{"line":11,"column":12},"end":{"line":13,"column":13}}],"line":11},"3":{"loc":{"start":{"line":11,"column":16},"end":{"line":11,"column":102}},"type":"binary-expr","locations":[{"start":{"line":11,"column":16},"end":{"line":11,"column":21}},{"start":{"line":11,"column":25},"end":{"line":11,"column":47}},{"start":{"line":11,"column":51},"end":{"line":11,"column":68}},{"start":{"line":11,"column":72},"end":{"line":11,"column":102}}],"line":11}},"s":{"0":168,"1":1,"2":167,"3":3,"4":1,"5":2,"6":3,"7":2,"8":1,"9":1,"10":158},"f":{"0":168},"b":{"0":[1,167],"1":[3,3,2,1],"2":[1,2],"3":[3,3,1,1]},"_coverageSchema":"1a1c01bbd47fc00a2c39e90264f33305004495a9","hash":"bf1228e5cd86475563e797a77cd78e92e5af91d3"}
,"/home/runner/work/kuroco-sdk/kuroco-sdk/src/generator/openApi/v3/parser/getModelProperties.ts": {"path":"/home/runner/work/kuroco-sdk/kuroco-sdk/src/generator/openApi/v3/parser/getModelProperties.ts","statementMap":{"0":{"start":{"line":9,"column":28},"end":{"line":9,"column":30}},"1":{"start":{"line":10,"column":4},"end":{"line":84,"column":5}},"2":{"start":{"line":11,"column":8},"end":{"line":83,"column":9}},"3":{"start":{"line":12,"column":29},"end":{"line":12,"column":64}},"4":{"start":{"line":13,"column":37},"end":{"line":13,"column":102}},"5":{"start":{"line":14,"column":12},"end":{"line":82,"column":13}},"6":{"start":{"line":15,"column":30},"end":{"line":15,"column":52}},"7":{"start":{"line":16,"column":16},"end":{"line":47,"column":19}},"8":{"start":{"line":49,"column":30},"end":{"line":49,"column":57}},"9":{"start":{"line":50,"column":16},"end":{"line":81,"column":19}},"10":{"start":{"line":86,"column":4},"end":{"line":86,"column":18}}},"fnMap":{"0":{"name":"getModelProperties","decl":{"start":{"line":8,"column":16},"end":{"line":8,"column":34}},"loc":{"start":{"line":8,"column":89},"end":{"line":87,"column":1}},"line":8}},"branchMap":{"0":{"loc":{"start":{"line":11,"column":8},"end":{"line":83,"column":9}},"type":"if","locations":[{"start":{"line":11,"column":8},"end":{"line":83,"column":9}},{"start":{"line":11,"column":8},"end":{"line":83,"column":9}}],"line":11},"1":{"loc":{"start":{"line":13,"column":37},"end":{"line":13,"column":102}},"type":"binary-expr","locations":[{"start":{"line":13,"column":37},"end":{"line":13,"column":56}},{"start":{"line":13,"column":60},"end":{"line":13,"column":102}}],"line":13},"2":{"loc":{"start":{"line":14,"column":12},"end":{"line":82,"column":13}},"type":"if","locations":[{"start":{"line":14,"column":12},"end":{"line":82,"column":13}},{"start":{"line":14,"column":12},"end":{"line":82,"column":13}}],"line":14}},"s":{"0":33,"1":33,"2":65,"3":65,"4":65,"5":65,"6":10,"7":10,"8":55,"9":55,"10":33},"f":{"0":33},"b":{"0":[65,0],"1":[65,22],"2":[10,55]},"_coverageSchema":"1a1c01bbd47fc00a2c39e90264f33305004495a9","hash":"8838f9e27f78aa3e978e617dc8fec575bbc4a641"}
,"/home/runner/work/kuroco-sdk/kuroco-sdk/src/generator/openApi/v3/parser/getModelTemplate.ts": {"path":"/home/runner/work/kuroco-sdk/kuroco-sdk/src/generator/openApi/v3/parser/getModelTemplate.ts","statementMap":{"0":{"start":{"line":10,"column":4},"end":{"line":10,"column":44}}},"fnMap":{"0":{"name":"getModelTemplate","decl":{"start":{"line":9,"column":16},"end":{"line":9,"column":32}},"loc":{"start":{"line":9,"column":59},"end":{"line":11,"column":1}},"line":9}},"branchMap":{"0":{"loc":{"start":{"line":10,"column":11},"end":{"line":10,"column":43}},"type":"cond-expr","locations":[{"start":{"line":10,"column":33},"end":{"line":10,"column":38}},{"start":{"line":10,"column":41},"end":{"line":10,"column":43}}],"line":10}},"s":{"0":2},"f":{"0":2},"b":{"0":[1,1]},"_coverageSchema":"1a1c01bbd47fc00a2c39e90264f33305004495a9","hash":"6da6e7e014e0478a2fd0ef1542ef9c4dfe34406d"}
,"/home/runner/work/kuroco-sdk/kuroco-sdk/src/generator/openApi/v3/parser/getModels.ts": {"path":"/home/runner/work/kuroco-sdk/kuroco-sdk/src/generator/openApi/v3/parser/getModels.ts","statementMap":{"0":{"start":{"line":7,"column":28},"end":{"line":7,"column":30}},"1":{"start":{"line":8,"column":4},"end":{"line":17,"column":5}},"2":{"start":{"line":9,"column":8},"end":{"line":16,"column":9}},"3":{"start":{"line":10,"column":12},"end":{"line":15,"column":13}},"4":{"start":{"line":11,"column":35},"end":{"line":11,"column":77}},"5":{"start":{"line":12,"column":39},"end":{"line":12,"column":62}},"6":{"start":{"line":13,"column":30},"end":{"line":13,"column":86}},"7":{"start":{"line":14,"column":16},"end":{"line":14,"column":35}},"8":{"start":{"line":18,"column":4},"end":{"line":18,"column":18}}},"fnMap":{"0":{"name":"getModels","decl":{"start":{"line":6,"column":16},"end":{"line":6,"column":25}},"loc":{"start":{"line":6,"column":53},"end":{"line":19,"column":1}},"line":6}},"branchMap":{"0":{"loc":{"start":{"line":8,"column":4},"end":{"line":17,"column":5}},"type":"if","locations":[{"start":{"line":8,"column":4},"end":{"line":17,"column":5}},{"start":{"line":8,"column":4},"end":{"line":17,"column":5}}],"line":8},"1":{"loc":{"start":{"line":10,"column":12},"end":{"line":15,"column":13}},"type":"if","locations":[{"start":{"line":10,"column":12},"end":{"line":15,"column":13}},{"start":{"line":10,"column":12},"end":{"line":15,"column":13}}],"line":10}},"s":{"0":1,"1":1,"2":1,"3":43,"4":43,"5":43,"6":43,"7":43,"8":1},"f":{"0":1},"b":{"0":[1,0],"1":[43,0]},"_coverageSchema":"1a1c01bbd47fc00a2c39e90264f33305004495a9","hash":"c666bf23b2ee7e88c18f65d1cf4104157f071813"}
,"/home/runner/work/kuroco-sdk/kuroco-sdk/src/generator/openApi/v3/parser/getOperation.ts": {"path":"/home/runner/work/kuroco-sdk/kuroco-sdk/src/generator/openApi/v3/parser/getOperation.ts","statementMap":{"0":{"start":{"line":20,"column":24},"end":{"line":20,"column":60}},"1":{"start":{"line":21,"column":29},"end":{"line":21,"column":61}},"2":{"start":{"line":22,"column":34},"end":{"line":22,"column":91}},"3":{"start":{"line":23,"column":26},"end":{"line":23,"column":83}},"4":{"start":{"line":24,"column":26},"end":{"line":24,"column":47}},"5":{"start":{"line":27,"column":33},"end":{"line":48,"column":5}},"6":{"start":{"line":51,"column":4},"end":{"line":61,"column":5}},"7":{"start":{"line":52,"column":27},"end":{"line":52,"column":73}},"8":{"start":{"line":53,"column":8},"end":{"line":53,"column":54}},"9":{"start":{"line":54,"column":8},"end":{"line":54,"column":60}},"10":{"start":{"line":55,"column":8},"end":{"line":55,"column":68}},"11":{"start":{"line":56,"column":8},"end":{"line":56,"column":70}},"12":{"start":{"line":57,"column":8},"end":{"line":57,"column":68}},"13":{"start":{"line":58,"column":8},"end":{"line":58,"column":72}},"14":{"start":{"line":59,"column":8},"end":{"line":59,"column":72}},"15":{"start":{"line":60,"column":8},"end":{"line":60,"column":61}},"16":{"start":{"line":63,"column":4},"end":{"line":69,"column":5}},"17":{"start":{"line":64,"column":28},"end":{"line":64,"column":76}},"18":{"start":{"line":65,"column":8},"end":{"line":65,"column":55}},"19":{"start":{"line":66,"column":8},"end":{"line":66,"column":47}},"20":{"start":{"line":67,"column":8},"end":{"line":67,"column":73}},"21":{"start":{"line":68,"column":8},"end":{"line":68,"column":47}},"22":{"start":{"line":72,"column":4},"end":{"line":82,"column":5}},"23":{"start":{"line":73,"column":35},"end":{"line":73,"column":79}},"24":{"start":{"line":74,"column":33},"end":{"line":74,"column":72}},"25":{"start":{"line":75,"column":8},"end":{"line":75,"column":66}},"26":{"start":{"line":76,"column":8},"end":{"line":76,"column":80}},"27":{"start":{"line":78,"column":8},"end":{"line":81,"column":11}},"28":{"start":{"line":79,"column":12},"end":{"line":79,"column":52}},"29":{"start":{"line":80,"column":12},"end":{"line":80,"column":63}},"30":{"start":{"line":84,"column":4},"end":{"line":84,"column":21}}},"fnMap":{"0":{"name":"getOperation","decl":{"start":{"line":19,"column":16},"end":{"line":19,"column":28}},"loc":{"start":{"line":19,"column":128},"end":{"line":85,"column":1}},"line":19},"1":{"name":"(anonymous_1)","decl":{"start":{"line":78,"column":33},"end":{"line":78,"column":34}},"loc":{"start":{"line":78,"column":52},"end":{"line":81,"column":9}},"line":78}},"branchMap":{"0":{"loc":{"start":{"line":20,"column":24},"end":{"line":20,"column":60}},"type":"binary-expr","locations":[{"start":{"line":20,"column":25},"end":{"line":20,"column":32}},{"start":{"line":20,"column":36},"end":{"line":20,"column":46}},{"start":{"line":20,"column":51},"end":{"line":20,"column":60}}],"line":20},"1":{"loc":{"start":{"line":23,"column":43},"end":{"line":23,"column":82}},"type":"binary-expr","locations":[{"start":{"line":23,"column":43},"end":{"line":23,"column":57}},{"start":{"line":23,"column":61},"end":{"line":23,"column":82}}],"line":23},"2":{"loc":{"start":{"line":51,"column":4},"end":{"line":61,"column":5}},"type":"if","locations":[{"start":{"line":51,"column":4},"end":{"line":61,"column":5}},{"start":{"line":51,"column":4},"end":{"line":61,"column":5}}],"line":51},"3":{"loc":{"start":{"line":63,"column":4},"end":{"line":69,"column":5}},"type":"if","locations":[{"start":{"line":63,"column":4},"end":{"line":69,"column":5}},{"start":{"line":63,"column":4},"end":{"line":69,"column":5}}],"line":63},"4":{"loc":{"start":{"line":72,"column":4},"end":{"line":82,"column":5}},"type":"if","locations":[{"start":{"line":72,"column":4},"end":{"line":82,"column":5}},{"start":{"line":72,"column":4},"end":{"line":82,"column":5}}],"line":72}},"s":{"0":25,"1":25,"2":25,"3":25,"4":25,"5":25,"6":25,"7":9,"8":9,"9":9,"10":9,"11":9,"12":9,"13":9,"14":9,"15":9,"16":25,"17":5,"18":5,"19":5,"20":5,"21":5,"22":25,"23":9,"24":9,"25":9,"26":9,"27":9,"28":14,"29":14,"30":25},"f":{"0":25,"1":14},"b":{"0":[25,25,0],"1":[25,0],"2":[9,16],"3":[5,20],"4":[9,16]},"_coverageSchema":"1a1c01bbd47fc00a2c39e90264f33305004495a9","hash":"73fb571a945e16f209edb295fb60db25c4646d83"}
,"/home/runner/work/kuroco-sdk/kuroco-sdk/src/generator/openApi/v3/parser/getOperationErrors.ts": {"path":"/home/runner/work/kuroco-sdk/kuroco-sdk/src/generator/openApi/v3/parser/getOperationErrors.ts","statementMap":{"0":{"start":{"line":5,"column":4},"end":{"line":12,"column":12}},"1":{"start":{"line":7,"column":12},"end":{"line":7,"column":82}},"2":{"start":{"line":9,"column":26},"end":{"line":12,"column":9}}},"fnMap":{"0":{"name":"getOperationErrors","decl":{"start":{"line":4,"column":16},"end":{"line":4,"column":34}},"loc":{"start":{"line":4,"column":94},"end":{"line":13,"column":1}},"line":4},"1":{"name":"(anonymous_1)","decl":{"start":{"line":6,"column":16},"end":{"line":6,"column":17}},"loc":{"start":{"line":6,"column":37},"end":{"line":8,"column":9}},"line":6},"2":{"name":"(anonymous_2)","decl":{"start":{"line":9,"column":13},"end":{"line":9,"column":14}},"loc":{"start":{"line":9,"column":26},"end":{"line":12,"column":9}},"line":9}},"branchMap":{"0":{"loc":{"start":{"line":7,"column":19},"end":{"line":7,"column":81}},"type":"binary-expr","locations":[{"start":{"line":7,"column":19},"end":{"line":7,"column":48}},{"start":{"line":7,"column":52},"end":{"line":7,"column":81}}],"line":7}},"s":{"0":9,"1":26,"2":10},"f":{"0":9,"1":26,"2":10},"b":{"0":[26,10]},"_coverageSchema":"1a1c01bbd47fc00a2c39e90264f33305004495a9","hash":"b4119194ecf0f7d84d3cfbe9325b4ca56804f18a"}
,"/home/runner/work/kuroco-sdk/kuroco-sdk/src/generator/openApi/v3/parser/getOperationName.ts": {"path":"/home/runner/work/kuroco-sdk/kuroco-sdk/src/generator/openApi/v3/parser/getOperationName.ts","statementMap":{"0":{"start":{"line":9,"column":18},"end":{"line":9,"column":58}},"1":{"start":{"line":10,"column":4},"end":{"line":10,"column":28}}},"fnMap":{"0":{"name":"getOperationName","decl":{"start":{"line":8,"column":16},"end":{"line":8,"column":32}},"loc":{"start":{"line":8,"column":56},"end":{"line":11,"column":1}},"line":8}},"branchMap":{},"s":{"0":32,"1":32},"f":{"0":32},"b":{},"_coverageSchema":"1a1c01bbd47fc00a2c39e90264f33305004495a9","hash":"05ada4e047d93a1a03e0a198c116577c37363d34"}
,"/home/runner/work/kuroco-sdk/kuroco-sdk/src/generator/openApi/v3/parser/getOperationNameFallback.ts": {"path":"/home/runner/work/kuroco-sdk/kuroco-sdk/src/generator/openApi/v3/parser/getOperationNameFallback.ts","statementMap":{"0":{"start":{"line":6,"column":16},"end":{"line":14,"column":17}},"1":{"start":{"line":8,"column":12},"end":{"line":12,"column":25}},"2":{"start":{"line":9,"column":57},"end":{"line":9,"column":58}},"3":{"start":{"line":11,"column":26},"end":{"line":11,"column":64}},"4":{"start":{"line":16,"column":4},"end":{"line":16,"column":54}}},"fnMap":{"0":{"name":"getOperationNameFallback","decl":{"start":{"line":5,"column":16},"end":{"line":5,"column":40}},"loc":{"start":{"line":5,"column":65},"end":{"line":17,"column":1}},"line":5},"1":{"name":"(anonymous_1)","decl":{"start":{"line":7,"column":13},"end":{"line":7,"column":14}},"loc":{"start":{"line":8,"column":12},"end":{"line":12,"column":25}},"line":8},"2":{"name":"(anonymous_2)","decl":{"start":{"line":9,"column":39},"end":{"line":9,"column":40}},"loc":{"start":{"line":9,"column":57},"end":{"line":9,"column":58}},"line":9},"3":{"name":"(anonymous_3)","decl":{"start":{"line":11,"column":21},"end":{"line":11,"column":22}},"loc":{"start":{"line":11,"column":26},"end":{"line":11,"column":64}},"line":11}},"branchMap":{},"s":{"0":39,"1":98,"2":31,"3":223,"4":39},"f":{"0":39,"1":98,"2":31,"3":223},"b":{},"_coverageSchema":"1a1c01bbd47fc00a2c39e90264f33305004495a9","hash":"0120438c526e8008d9406dabd0aa54c441a642a2"}
,"/home/runner/work/kuroco-sdk/kuroco-sdk/src/generator/openApi/v3/parser/getOperationParameter.ts": {"path":"/home/runner/work/kuroco-sdk/kuroco-sdk/src/generator/openApi/v3/parser/getOperationParameter.ts","statementMap":{"0":{"start":{"line":12,"column":51},"end":{"line":31,"column":5}},"1":{"start":{"line":33,"column":4},"end":{"line":41,"column":5}},"2":{"start":{"line":34,"column":30},"end":{"line":34,"column":53}},"3":{"start":{"line":35,"column":8},"end":{"line":35,"column":48}},"4":{"start":{"line":36,"column":8},"end":{"line":36,"column":53}},"5":{"start":{"line":37,"column":8},"end":{"line":37,"column":53}},"6":{"start":{"line":38,"column":8},"end":{"line":38,"column":61}},"7":{"start":{"line":39,"column":8},"end":{"line":39,"column":66}},"8":{"start":{"line":40,"column":8},"end":{"line":40,"column":34}},"9":{"start":{"line":43,"column":4},"end":{"line":86,"column":5}},"10":{"start":{"line":44,"column":8},"end":{"line":85,"column":9}},"11":{"start":{"line":45,"column":26},"end":{"line":45,"column":56}},"12":{"start":{"line":46,"column":12},"end":{"line":46,"column":52}},"13":{"start":{"line":47,"column":12},"end":{"line":47,"column":49}},"14":{"start":{"line":48,"column":12},"end":{"line":48,"column":49}},"15":{"start":{"line":49,"column":12},"end":{"line":49,"column":57}},"16":{"start":{"line":50,"column":12},"end":{"line":50,"column":62}},"17":{"start":{"line":51,"column":12},"end":{"line":51,"column":75}},"18":{"start":{"line":52,"column":12},"end":{"line":52,"column":104}},"19":{"start":{"line":53,"column":12},"end":{"line":53,"column":38}},"20":{"start":{"line":55,"column":26},"end":{"line":55,"column":61}},"21":{"start":{"line":56,"column":12},"end":{"line":56,"column":53}},"22":{"start":{"line":57,"column":12},"end":{"line":57,"column":49}},"23":{"start":{"line":58,"column":12},"end":{"line":58,"column":49}},"24":{"start":{"line":59,"column":12},"end":{"line":59,"column":57}},"25":{"start":{"line":60,"column":12},"end":{"line":60,"column":49}},"26":{"start":{"line":61,"column":12},"end":{"line":61,"column":61}},"27":{"start":{"line":62,"column":12},"end":{"line":62,"column":111}},"28":{"start":{"line":63,"column":12},"end":{"line":63,"column":94}},"29":{"start":{"line":64,"column":12},"end":{"line":64,"column":53}},"30":{"start":{"line":65,"column":12},"end":{"line":65,"column":55}},"31":{"start":{"line":66,"column":12},"end":{"line":66,"column":73}},"32":{"start":{"line":67,"column":12},"end":{"line":67,"column":55}},"33":{"start":{"line":68,"column":12},"end":{"line":68,"column":73}},"34":{"start":{"line":69,"column":12},"end":{"line":69,"column":61}},"35":{"start":{"line":70,"column":12},"end":{"line":70,"column":59}},"36":{"start":{"line":71,"column":12},"end":{"line":71,"column":59}},"37":{"start":{"line":72,"column":12},"end":{"line":72,"column":55}},"38":{"start":{"line":73,"column":12},"end":{"line":73,"column":57}},"39":{"start":{"line":74,"column":12},"end":{"line":74,"column":57}},"40":{"start":{"line":75,"column":12},"end":{"line":75,"column":63}},"41":{"start":{"line":76,"column":12},"end":{"line":76,"column":67}},"42":{"start":{"line":77,"column":12},"end":{"line":77,"column":67}},"43":{"start":{"line":78,"column":12},"end":{"line":78,"column":55}},"44":{"start":{"line":79,"column":12},"end":{"line":79,"column":62}},"45":{"start":{"line":80,"column":12},"end":{"line":80,"column":62}},"46":{"start":{"line":81,"column":12},"end":{"line":81,"column":56}},"47":{"start":{"line":82,"column":12},"end":{"line":82,"column":58}},"48":{"start":{"line":83,"column":12},"end":{"line":83,"column":68}},"49":{"start":{"line":84,"column":12},"end":{"line":84,"column":38}},"50":{"start":{"line":88,"column":4},"end":{"line":88,"column":30}}},"fnMap":{"0":{"name":"getOperationParameter","decl":{"start":{"line":11,"column":16},"end":{"line":11,"column":37}},"loc":{"start":{"line":11,"column":105},"end":{"line":89,"column":1}},"line":11}},"branchMap":{"0":{"loc":{"start":{"line":33,"column":4},"end":{"line":41,"column":5}},"type":"if","locations":[{"start":{"line":33,"column":4},"end":{"line":41,"column":5}},{"start":{"line":33,"column":4},"end":{"line":41,"column":5}}],"line":33},"1":{"loc":{"start":{"line":43,"column":4},"end":{"line":86,"column":5}},"type":"if","locations":[{"start":{"line":43,"column":4},"end":{"line":86,"column":5}},{"start":{"line":43,"column":4},"end":{"line":86,"column":5}}],"line":43},"2":{"loc":{"start":{"line":44,"column":8},"end":{"line":85,"column":9}},"type":"if","locations":[{"start":{"line":44,"column":8},"end":{"line":85,"column":9}},{"start":{"line":44,"column":8},"end":{"line":85,"column":9}}],"line":44},"3":{"loc":{"start":{"line":52,"column":44},"end":{"line":52,"column":103}},"type":"binary-expr","locations":[{"start":{"line":52,"column":44},"end":{"line":52,"column":73}},{"start":{"line":52,"column":77},"end":{"line":52,"column":103}}],"line":52},"4":{"loc":{"start":{"line":62,"column":44},"end":{"line":62,"column":110}},"type":"binary-expr","locations":[{"start":{"line":62,"column":44},"end":{"line":62,"column":73}},{"start":{"line":62,"column":77},"end":{"line":62,"column":93}},{"start":{"line":62,"column":97},"end":{"line":62,"column":110}}],"line":62},"5":{"loc":{"start":{"line":63,"column":44},"end":{"line":63,"column":93}},"type":"binary-expr","locations":[{"start":{"line":63,"column":44},"end":{"line":63,"column":73}},{"start":{"line":63,"column":77},"end":{"line":63,"column":93}}],"line":63}},"s":{"0":34,"1":34,"2":0,"3":0,"4":0,"5":0,"6":0,"7":0,"8":0,"9":34,"10":34,"11":2,"12":2,"13":2,"14":2,"15":2,"16":2,"17":2,"18":2,"19":2,"20":32,"21":32,"22":32,"23":32,"24":32,"25":32,"26":32,"27":32,"28":32,"29":32,"30":32,"31":32,"32":32,"33":32,"34":32,"35":32,"36":32,"37":32,"38":32,"39":32,"40":32,"41":32,"42":32,"43":32,"44":32,"45":32,"46":32,"47":32,"48":32,"49":32,"50":0},"f":{"0":34},"b":{"0":[0,34],"1":[34,0],"2":[2,32],"3":[2,1],"4":[32,9,9],"5":[32,12]},"_coverageSchema":"1a1c01bbd47fc00a2c39e90264f33305004495a9","hash":"0fa2d1a0a8b613e21fe4fd2e3d21888f600bc2ac"}
,"/home/runner/work/kuroco-sdk/kuroco-sdk/src/generator/openApi/v3/parser/getOperationParameterName.ts": {"path":"/home/runner/work/kuroco-sdk/kuroco-sdk/src/generator/openApi/v3/parser/getOperationParameterName.ts","statementMap":{"0":{"start":{"line":8,"column":18},"end":{"line":8,"column":58}},"1":{"start":{"line":9,"column":4},"end":{"line":9,"column":28}}},"fnMap":{"0":{"name":"getOperationParameterName","decl":{"start":{"line":7,"column":16},"end":{"line":7,"column":41}},"loc":{"start":{"line":7,"column":65},"end":{"line":10,"column":1}},"line":7}},"branchMap":{},"s":{"0":84,"1":84},"f":{"0":84},"b":{},"_coverageSchema":"1a1c01bbd47fc00a2c39e90264f33305004495a9","hash":"1fe98a79afe8ec661cadc06c3897a3c0c0f31a80"}
,"/home/runner/work/kuroco-sdk/kuroco-sdk/src/generator/openApi/v3/parser/getOperationParameters.ts": {"path":"/home/runner/work/kuroco-sdk/kuroco-sdk/src/generator/openApi/v3/parser/getOperationParameters.ts","statementMap":{"0":{"start":{"line":9,"column":53},"end":{"line":18,"column":5}},"1":{"start":{"line":21,"column":4},"end":{"line":60,"column":7}},"2":{"start":{"line":22,"column":26},"end":{"line":22,"column":81}},"3":{"start":{"line":23,"column":22},"end":{"line":23,"column":63}},"4":{"start":{"line":27,"column":8},"end":{"line":59,"column":9}},"5":{"start":{"line":28,"column":12},"end":{"line":58,"column":13}},"6":{"start":{"line":30,"column":20},"end":{"line":30,"column":67}},"7":{"start":{"line":31,"column":20},"end":{"line":31,"column":63}},"8":{"start":{"line":32,"column":20},"end":{"line":32,"column":71}},"9":{"start":{"line":33,"column":20},"end":{"line":33,"column":26}},"10":{"start":{"line":36,"column":20},"end":{"line":36,"column":68}},"11":{"start":{"line":37,"column":20},"end":{"line":37,"column":63}},"12":{"start":{"line":38,"column":20},"end":{"line":38,"column":71}},"13":{"start":{"line":39,"column":20},"end":{"line":39,"column":26}},"14":{"start":{"line":42,"column":20},"end":{"line":42,"column":67}},"15":{"start":{"line":43,"column":20},"end":{"line":43,"column":63}},"16":{"start":{"line":44,"column":20},"end":{"line":44,"column":71}},"17":{"start":{"line":45,"column":20},"end":{"line":45,"column":26}},"18":{"start":{"line":48,"column":20},"end":{"line":48,"column":69}},"19":{"start":{"line":49,"column":20},"end":{"line":49,"column":63}},"20":{"start":{"line":50,"column":20},"end":{"line":50,"column":71}},"21":{"start":{"line":51,"column":20},"end":{"line":51,"column":26}},"22":{"start":{"line":54,"column":20},"end":{"line":54,"column":69}},"23":{"start":{"line":55,"column":20},"end":{"line":55,"column":63}},"24":{"start":{"line":56,"column":20},"end":{"line":56,"column":71}},"25":{"start":{"line":57,"column":20},"end":{"line":57,"column":26}},"26":{"start":{"line":62,"column":4},"end":{"line":62,"column":89}},"27":{"start":{"line":63,"column":4},"end":{"line":63,"column":97}},"28":{"start":{"line":64,"column":4},"end":{"line":64,"column":99}},"29":{"start":{"line":65,"column":4},"end":{"line":65,"column":97}},"30":{"start":{"line":66,"column":4},"end":{"line":66,"column":101}},"31":{"start":{"line":67,"column":4},"end":{"line":67,"column":101}},"32":{"start":{"line":68,"column":4},"end":{"line":68,"column":31}}},"fnMap":{"0":{"name":"getOperationParameters","decl":{"start":{"line":8,"column":16},"end":{"line":8,"column":38}},"loc":{"start":{"line":8,"column":110},"end":{"line":69,"column":1}},"line":8},"1":{"name":"(anonymous_1)","decl":{"start":{"line":21,"column":23},"end":{"line":21,"column":24}},"loc":{"start":{"line":21,"column":47},"end":{"line":60,"column":5}},"line":21}},"branchMap":{"0":{"loc":{"start":{"line":27,"column":8},"end":{"line":59,"column":9}},"type":"if","locations":[{"start":{"line":27,"column":8},"end":{"line":59,"column":9}},{"start":{"line":27,"column":8},"end":{"line":59,"column":9}}],"line":27},"1":{"loc":{"start":{"line":28,"column":12},"end":{"line":58,"column":13}},"type":"switch","locations":[{"start":{"line":29,"column":16},"end":{"line":33,"column":26}},{"start":{"line":35,"column":16},"end":{"line":39,"column":26}},{"start":{"line":41,"column":16},"end":{"line":45,"column":26}},{"start":{"line":47,"column":16},"end":{"line":51,"column":26}},{"start":{"line":53,"column":16},"end":{"line":57,"column":26}}],"line":28}},"s":{"0":9,"1":9,"2":34,"3":34,"4":34,"5":30,"6":5,"7":5,"8":5,"9":5,"10":18,"11":18,"12":18,"13":18,"14":3,"15":3,"16":3,"17":3,"18":2,"19":2,"20":2,"21":2,"22":2,"23":2,"24":2,"25":2,"26":9,"27":9,"28":9,"29":9,"30":9,"31":9,"32":9},"f":{"0":9,"1":34},"b":{"0":[30,4],"1":[5,18,3,2,2]},"_coverageSchema":"1a1c01bbd47fc00a2c39e90264f33305004495a9","hash":"85165bd7be3dd9355d9be8d221eb39a29e45ea4a"}
,"/home/runner/work/kuroco-sdk/kuroco-sdk/src/generator/openApi/v3/parser/getOperationPath.ts": {"path":"/home/runner/work/kuroco-sdk/kuroco-sdk/src/generator/openApi/v3/parser/getOperationPath.ts","statementMap":{"0":{"start":{"line":11,"column":4},"end":{"line":15,"column":56}},"1":{"start":{"line":13,"column":12},"end":{"line":13,"column":70}}},"fnMap":{"0":{"name":"getOperationPath","decl":{"start":{"line":10,"column":16},"end":{"line":10,"column":32}},"loc":{"start":{"line":10,"column":55},"end":{"line":16,"column":1}},"line":10},"1":{"name":"(anonymous_1)","decl":{"start":{"line":12,"column":31},"end":{"line":12,"column":32}},"loc":{"start":{"line":12,"column":49},"end":{"line":14,"column":9}},"line":12}},"branchMap":{},"s":{"0":35,"1":42},"f":{"0":35,"1":42},"b":{},"_coverageSchema":"1a1c01bbd47fc00a2c39e90264f33305004495a9","hash":"13ab0c273fa7672ce1df452d1f146ccdbd446324"}
,"/home/runner/work/kuroco-sdk/kuroco-sdk/src/generator/openApi/v3/parser/getOperationRequestBody.ts": {"path":"/home/runner/work/kuroco-sdk/kuroco-sdk/src/generator/openApi/v3/parser/getOperationRequestBody.ts","statementMap":{"0":{"start":{"line":11,"column":44},"end":{"line":31,"column":5}},"1":{"start":{"line":33,"column":4},"end":{"line":76,"column":5}},"2":{"start":{"line":34,"column":23},"end":{"line":34,"column":61}},"3":{"start":{"line":35,"column":8},"end":{"line":75,"column":9}},"4":{"start":{"line":36,"column":12},"end":{"line":74,"column":13}},"5":{"start":{"line":37,"column":30},"end":{"line":37,"column":50}},"6":{"start":{"line":38,"column":16},"end":{"line":38,"column":49}},"7":{"start":{"line":39,"column":16},"end":{"line":39,"column":46}},"8":{"start":{"line":40,"column":16},"end":{"line":40,"column":46}},"9":{"start":{"line":41,"column":16},"end":{"line":41,"column":54}},"10":{"start":{"line":42,"column":16},"end":{"line":42,"column":59}},"11":{"start":{"line":43,"column":16},"end":{"line":43,"column":35}},"12":{"start":{"line":45,"column":30},"end":{"line":45,"column":55}},"13":{"start":{"line":46,"column":16},"end":{"line":46,"column":50}},"14":{"start":{"line":47,"column":16},"end":{"line":47,"column":46}},"15":{"start":{"line":48,"column":16},"end":{"line":48,"column":46}},"16":{"start":{"line":49,"column":16},"end":{"line":49,"column":54}},"17":{"start":{"line":50,"column":16},"end":{"line":50,"column":46}},"18":{"start":{"line":51,"column":16},"end":{"line":51,"column":58}},"19":{"start":{"line":52,"column":16},"end":{"line":52,"column":84}},"20":{"start":{"line":53,"column":16},"end":{"line":53,"column":84}},"21":{"start":{"line":54,"column":16},"end":{"line":54,"column":50}},"22":{"start":{"line":55,"column":16},"end":{"line":55,"column":52}},"23":{"start":{"line":56,"column":16},"end":{"line":56,"column":70}},"24":{"start":{"line":57,"column":16},"end":{"line":57,"column":52}},"25":{"start":{"line":58,"column":16},"end":{"line":58,"column":70}},"26":{"start":{"line":59,"column":16},"end":{"line":59,"column":58}},"27":{"start":{"line":60,"column":16},"end":{"line":60,"column":56}},"28":{"start":{"line":61,"column":16},"end":{"line":61,"column":56}},"29":{"start":{"line":62,"column":16},"end":{"line":62,"column":52}},"30":{"start":{"line":63,"column":16},"end":{"line":63,"column":54}},"31":{"start":{"line":64,"column":16},"end":{"line":64,"column":54}},"32":{"start":{"line":65,"column":16},"end":{"line":65,"column":60}},"33":{"start":{"line":66,"column":16},"end":{"line":66,"column":64}},"34":{"start":{"line":67,"column":16},"end":{"line":67,"column":64}},"35":{"start":{"line":68,"column":16},"end":{"line":68,"column":59}},"36":{"start":{"line":69,"column":16},"end":{"line":69,"column":59}},"37":{"start":{"line":70,"column":16},"end":{"line":70,"column":53}},"38":{"start":{"line":71,"column":16},"end":{"line":71,"column":55}},"39":{"start":{"line":72,"column":16},"end":{"line":72,"column":65}},"40":{"start":{"line":73,"column":16},"end":{"line":73,"column":35}},"41":{"start":{"line":78,"column":4},"end":{"line":78,"column":23}}},"fnMap":{"0":{"name":"getOperationRequestBody","decl":{"start":{"line":10,"column":16},"end":{"line":10,"column":39}},"loc":{"start":{"line":10,"column":109},"end":{"line":79,"column":1}},"line":10}},"branchMap":{"0":{"loc":{"start":{"line":33,"column":4},"end":{"line":76,"column":5}},"type":"if","locations":[{"start":{"line":33,"column":4},"end":{"line":76,"column":5}},{"start":{"line":33,"column":4},"end":{"line":76,"column":5}}],"line":33},"1":{"loc":{"start":{"line":35,"column":8},"end":{"line":75,"column":9}},"type":"if","locations":[{"start":{"line":35,"column":8},"end":{"line":75,"column":9}},{"start":{"line":35,"column":8},"end":{"line":75,"column":9}}],"line":35},"2":{"loc":{"start":{"line":36,"column":12},"end":{"line":74,"column":13}},"type":"if","locations":[{"start":{"line":36,"column":12},"end":{"line":74,"column":13}},{"start":{"line":36,"column":12},"end":{"line":74,"column":13}}],"line":36},"3":{"loc":{"start":{"line":36,"column":16},"end":{"line":36,"column":37}},"type":"binary-expr","locations":[{"start":{"line":36,"column":16},"end":{"line":36,"column":22}},{"start":{"line":36,"column":26},"end":{"line":36,"column":37}}],"line":36},"4":{"loc":{"start":{"line":52,"column":41},"end":{"line":52,"column":83}},"type":"binary-expr","locations":[{"start":{"line":52,"column":41},"end":{"line":52,"column":63}},{"start":{"line":52,"column":67},"end":{"line":52,"column":83}}],"line":52},"5":{"loc":{"start":{"line":53,"column":41},"end":{"line":53,"column":83}},"type":"binary-expr","locations":[{"start":{"line":53,"column":41},"end":{"line":53,"column":63}},{"start":{"line":53,"column":67},"end":{"line":53,"column":83}}],"line":53}},"s":{"0":5,"1":5,"2":5,"3":5,"4":5,"5":4,"6":4,"7":4,"8":4,"9":4,"10":4,"11":4,"12":1,"13":1,"14":1,"15":1,"16":1,"17":1,"18":1,"19":1,"20":1,"21":1,"22":1,"23":1,"24":1,"25":1,"26":1,"27":1,"28":1,"29":1,"30":1,"31":1,"32":1,"33":1,"34":1,"35":1,"36":1,"37":1,"38":1,"39":1,"40":1,"41":0},"f":{"0":5},"b":{"0":[5,0],"1":[5,0],"2":[4,1],"3":[5,5],"4":[1,1],"5":[1,1]},"_coverageSchema":"1a1c01bbd47fc00a2c39e90264f33305004495a9","hash":"a3f7242a2d300d61b990954fb8af58f4cdcd054b"}
[...]
},"line":13},"1":{"name":"pickSpecialOperation","decl":{"start":{"line":16,"column":13},"end":{"line":16,"column":33}},"loc":{"start":{"line":16,"column":60},"end":{"line":34,"column":5}},"line":16},"2":{"name":"(anonymous_2)","decl":{"start":{"line":17,"column":38},"end":{"line":17,"column":39}},"loc":{"start":{"line":17,"column":43},"end":{"line":17,"column":82}},"line":17},"3":{"name":"(anonymous_3)","decl":{"start":{"line":17,"column":61},"end":{"line":17,"column":62}},"loc":{"start":{"line":17,"column":66},"end":{"line":17,"column":81}},"line":17},"4":{"name":"(anonymous_4)","decl":{"start":{"line":22,"column":50},"end":{"line":22,"column":51}},"loc":{"start":{"line":22,"column":55},"end":{"line":22,"column":70}},"line":22},"5":{"name":"(anonymous_5)","decl":{"start":{"line":43,"column":16},"end":{"line":43,"column":17}},"loc":{"start":{"line":43,"column":21},"end":{"line":43,"column":31}},"line":43},"6":{"name":"(anonymous_6)","decl":{"start":{"line":44,"column":13},"end":{"line":44,"column":14}},"loc":{"start":{"line":44,"column":18},"end":{"line":44,"column":25}},"line":44},"7":{"name":"(anonymous_7)","decl":{"start":{"line":45,"column":17},"end":{"line":45,"column":18}},"loc":{"start":{"line":45,"column":35},"end":{"line":45,"column":54}},"line":45}},"branchMap":{"0":{"loc":{"start":{"line":18,"column":8},"end":{"line":20,"column":9}},"type":"if","locations":[{"start":{"line":18,"column":8},"end":{"line":20,"column":9}},{"start":{"line":18,"column":8},"end":{"line":20,"column":9}}],"line":18},"1":{"loc":{"start":{"line":23,"column":8},"end":{"line":25,"column":9}},"type":"if","locations":[{"start":{"line":23,"column":8},"end":{"line":25,"column":9}},{"start":{"line":23,"column":8},"end":{"line":25,"column":9}}],"line":23}},"s":{"0":1,"1":3,"2":0,"3":0,"4":3,"5":3,"6":0,"7":0,"8":0,"9":0,"10":0,"11":1,"12":1,"13":3,"14":0,"15":1,"16":1,"17":1,"18":1,"19":1},"f":{"0":1,"1":3,"2":0,"3":0,"4":0,"5":3,"6":0,"7":1},"b":{"0":[3,0],"1":[0,0]},"_coverageSchema":"1a1c01bbd47fc00a2c39e90264f33305004495a9","hash":"f9d8cc747f3b195b34000097edde97976aea381f"}
,"/home/runner/work/kuroco-sdk/kuroco-sdk/src/generator/utils/writeClient.ts": {"path":"/home/runner/work/kuroco-sdk/kuroco-sdk/src/generator/utils/writeClient.ts","statementMap":{"0":{"start":{"line":23,"column":19},"end":{"line":23,"column":90}},"1":{"start":{"line":24,"column":19},"end":{"line":24,"column":70}},"2":{"start":{"line":25,"column":14},"end":{"line":25,"column":53}},"3":{"start":{"line":26,"column":4},"end":{"line":26,"column":84}},"4":{"start":{"line":36,"column":23},"end":{"line":36,"column":58}},"5":{"start":{"line":37,"column":27},"end":{"line":37,"column":59}},"6":{"start":{"line":38,"column":29},"end":{"line":38,"column":63}},"7":{"start":{"line":39,"column":30},"end":{"line":39,"column":65}},"8":{"start":{"line":40,"column":31},"end":{"line":40,"column":67}},"9":{"start":{"line":41,"column":28},"end":{"line":41,"column":48}},"10":{"start":{"line":44,"column":4},"end":{"line":44,"column":28}},"11":{"start":{"line":45,"column":4},"end":{"line":45,"column":28}},"12":{"start":{"line":47,"column":4},"end":{"line":47,"column":32}},"13":{"start":{"line":48,"column":4},"end":{"line":48,"column":52}},"14":{"start":{"line":49,"column":4},"end":{"line":49,"column":55}},"15":{"start":{"line":50,"column":4},"end":{"line":50,"column":58}},"16":{"start":{"line":51,"column":4},"end":{"line":51,"column":53}},"17":{"start":{"line":52,"column":4},"end":{"line":52,"column":51}},"18":{"start":{"line":53,"column":4},"end":{"line":53,"column":58}},"19":{"start":{"line":54,"column":4},"end":{"line":54,"column":61}},"20":{"start":{"line":55,"column":4},"end":{"line":55,"column":50}},"21":{"start":{"line":56,"column":4},"end":{"line":56,"column":56}},"22":{"start":{"line":57,"column":4},"end":{"line":57,"column":59}},"23":{"start":{"line":58,"column":4},"end":{"line":58,"column":58}},"24":{"start":{"line":60,"column":4},"end":{"line":62,"column":5}},"25":{"start":{"line":61,"column":8},"end":{"line":61,"column":65}},"26":{"start":{"line":63,"column":4},"end":{"line":65,"column":5}},"27":{"start":{"line":64,"column":8},"end":{"line":64,"column":61}},"28":{"start":{"line":66,"column":4},"end":{"line":68,"column":5}},"29":{"start":{"line":67,"column":8},"end":{"line":67,"column":57}},"30":{"start":{"line":70,"column":4},"end":{"line":70,"column":36}},"31":{"start":{"line":71,"column":4},"end":{"line":71,"column":63}},"32":{"start":{"line":73,"column":4},"end":{"line":73,"column":35}},"33":{"start":{"line":74,"column":4},"end":{"line":74,"column":68}},"34":{"start":{"line":76,"column":4},"end":{"line":76,"column":34}},"35":{"start":{"line":77,"column":4},"end":{"line":77,"column":56}},"36":{"start":{"line":78,"column":4},"end":{"line":78,"column":66}},"37":{"start":{"line":80,"column":4},"end":{"line":80,"column":69}},"38":{"start":{"line":84,"column":16},"end":{"line":84,"column":51}},"39":{"start":{"line":86,"column":27},"end":{"line":86,"column":61}},"40":{"start":{"line":87,"column":29},"end":{"line":87,"column":100}},"41":{"start":{"line":88,"column":4},"end":{"line":92,"column":6}}},"fnMap":{"0":{"name":"copySupportFile","decl":{"start":{"line":20,"column":9},"end":{"line":20,"column":24}},"loc":{"start":{"line":20,"column":69},"end":{"line":27,"column":1}},"line":20},"1":{"name":"writeClient","decl":{"start":{"line":35,"column":16},"end":{"line":35,"column":27}},"loc":{"start":{"line":35,"column":88},"end":{"line":81,"column":1}},"line":35},"2":{"name":"getCondition","decl":{"start":{"line":83,"column":9},"end":{"line":83,"column":21}},"loc":{"start":{"line":83,"column":55},"end":{"line":93,"column":1}},"line":83}},"branchMap":{"0":{"loc":{"start":{"line":25,"column":14},"end":{"line":25,"column":53}},"type":"cond-expr","locations":[{"start":{"line":25,"column":38},"end":{"line":25,"column":44}},{"start":{"line":25,"column":47},"end":{"line":25,"column":53}}],"line":25},"1":{"loc":{"start":{"line":60,"column":4},"end":{"line":62,"column":5}},"type":"if","locations":[{"start":{"line":60,"column":4},"end":{"line":62,"column":5}},{"start":{"line":60,"column":4},"end":{"line":62,"column":5}}],"line":60},"2":{"loc":{"start":{"line":63,"column":4},"end":{"line":65,"column":5}},"type":"if","locations":[{"start":{"line":63,"column":4},"end":{"line":65,"column":5}},{"start":{"line":63,"column":4},"end":{"line":65,"column":5}}],"line":63},"3":{"loc":{"start":{"line":66,"column":4},"end":{"line":68,"column":5}},"type":"if","locations":[{"start":{"line":66,"column":4},"end":{"line":68,"column":5}},{"start":{"line":66,"column":4},"end":{"line":68,"column":5}}],"line":66},"4":{"loc":{"start":{"line":84,"column":17},"end":{"line":84,"column":46}},"type":"binary-expr","locations":[{"start":{"line":84,"column":17},"end":{"line":84,"column":40}},{"start":{"line":84,"column":44},"end":{"line":84,"column":46}}],"line":84},"5":{"loc":{"start":{"line":86,"column":27},"end":{"line":86,"column":61}},"type":"binary-expr","locations":[{"start":{"line":86,"column":27},"end":{"line":86,"column":53}},{"start":{"line":86,"column":57},"end":{"line":86,"column":61}}],"line":86},"6":{"loc":{"start":{"line":86,"column":28},"end":{"line":86,"column":37}},"type":"binary-expr","locations":[{"start":{"line":86,"column":28},"end":{"line":86,"column":31}},{"start":{"line":86,"column":35},"end":{"line":86,"column":37}}],"line":86},"7":{"loc":{"start":{"line":90,"column":18},"end":{"line":90,"column":76}},"type":"cond-expr","locations":[{"start":{"line":90,"column":64},"end":{"line":90,"column":68}},{"start":{"line":90,"column":71},"end":{"line":90,"column":76}}],"line":90},"8":{"loc":{"start":{"line":90,"column":18},"end":{"line":90,"column":61}},"type":"binary-expr","locations":[{"start":{"line":90,"column":18},"end":{"line":90,"column":41}},{"start":{"line":90,"column":45},"end":{"line":90,"column":61}}],"line":90},"9":{"loc":{"start":{"line":91,"column":25},"end":{"line":91,"column":66}},"type":"binary-expr","locations":[{"start":{"line":91,"column":25},"end":{"line":91,"column":57}},{"start":{"line":91,"column":61},"end":{"line":91,"column":66}}],"line":91}},"s":{"0":10,"1":10,"2":10,"3":10,"4":1,"5":1,"6":1,"7":1,"8":1,"9":1,"10":1,"11":1,"12":1,"13":1,"14":1,"15":1,"16":1,"17":1,"18":1,"19":1,"20":1,"21":1,"22":1,"23":1,"24":1,"25":0,"26":1,"27":0,"28":1,"29":0,"30":1,"31":1,"32":1,"33":1,"34":1,"35":1,"36":1,"37":1,"38":1,"39":1,"40":1,"41":1},"f":{"0":10,"1":1,"2":1},"b":{"0":[0,10],"1":[0,1],"2":[0,1],"3":[0,1],"4":[1,1],"5":[1,1],"6":[1,1],"7":[0,1],"8":[1,0],"9":[1,1]},"_coverageSchema":"1a1c01bbd47fc00a2c39e90264f33305004495a9","hash":"977a8db3e7838fc2484ae56af6d6ac2b53b2ee6e"}
,"/home/runner/work/kuroco-sdk/kuroco-sdk/src/generator/utils/writeClientIndex.ts": {"path":"/home/runner/work/kuroco-sdk/kuroco-sdk/src/generator/utils/writeClientIndex.ts","statementMap":{"0":{"start":{"line":19,"column":4},"end":{"line":28,"column":6}}},"fnMap":{"0":{"name":"writeClientIndex","decl":{"start":{"line":18,"column":16},"end":{"line":18,"column":32}},"loc":{"start":{"line":18,"column":131},"end":{"line":29,"column":1}},"line":18}},"branchMap":{},"s":{"0":2},"f":{"0":2},"b":{},"_coverageSchema":"1a1c01bbd47fc00a2c39e90264f33305004495a9","hash":"eaebb7f88ed458d81cd0bfc55d91b7bc9cb7c345"}
,"/home/runner/work/kuroco-sdk/kuroco-sdk/src/generator/utils/writeClientModels.ts": {"path":"/home/runner/work/kuroco-sdk/kuroco-sdk/src/generator/utils/writeClientModels.ts","statementMap":{"0":{"start":{"line":15,"column":4},"end":{"line":19,"column":7}},"1":{"start":{"line":16,"column":21},"end":{"line":16,"column":65}},"2":{"start":{"line":17,"column":31},"end":{"line":17,"column":53}},"3":{"start":{"line":18,"column":8},"end":{"line":18,"column":55}}},"fnMap":{"0":{"name":"writeClientModels","decl":{"start":{"line":14,"column":16},"end":{"line":14,"column":33}},"loc":{"start":{"line":14,"column":99},"end":{"line":20,"column":1}},"line":14},"1":{"name":"(anonymous_1)","decl":{"start":{"line":15,"column":19},"end":{"line":15,"column":20}},"loc":{"start":{"line":15,"column":28},"end":{"line":19,"column":5}},"line":15}},"branchMap":{},"s":{"0":3,"1":2,"2":2,"3":2},"f":{"0":3,"1":2},"b":{},"_coverageSchema":"1a1c01bbd47fc00a2c39e90264f33305004495a9","hash":"79c1f8ae874e5f5d0ffdf3a1d8e859039e443465"}
,"/home/runner/work/kuroco-sdk/kuroco-sdk/src/generator/utils/writeClientSchemas.ts": {"path":"/home/runner/work/kuroco-sdk/kuroco-sdk/src/generator/utils/writeClientSchemas.ts","statementMap":{"0":{"start":{"line":15,"column":4},"end":{"line":19,"column":7}},"1":{"start":{"line":16,"column":21},"end":{"line":16,"column":66}},"2":{"start":{"line":17,"column":31},"end":{"line":17,"column":54}},"3":{"start":{"line":18,"column":8},"end":{"line":18,"column":55}}},"fnMap":{"0":{"name":"writeClientSchemas","decl":{"start":{"line":14,"column":16},"end":{"line":14,"column":34}},"loc":{"start":{"line":14,"column":100},"end":{"line":20,"column":1}},"line":14},"1":{"name":"(anonymous_1)","decl":{"start":{"line":15,"column":19},"end":{"line":15,"column":20}},"loc":{"start":{"line":15,"column":28},"end":{"line":19,"column":5}},"line":15}},"branchMap":{},"s":{"0":1,"1":0,"2":0,"3":0},"f":{"0":1,"1":0},"b":{},"_coverageSchema":"1a1c01bbd47fc00a2c39e90264f33305004495a9","hash":"25fc2c830e13d00869b3eb683861ea020de77c38"}
,"/home/runner/work/kuroco-sdk/kuroco-sdk/src/generator/utils/writeClientServices.ts": {"path":"/home/runner/work/kuroco-sdk/kuroco-sdk/src/generator/utils/writeClientServices.ts","statementMap":{"0":{"start":{"line":16,"column":4},"end":{"line":23,"column":7}},"1":{"start":{"line":17,"column":21},"end":{"line":17,"column":67}},"2":{"start":{"line":18,"column":31},"end":{"line":21,"column":10}},"3":{"start":{"line":22,"column":8},"end":{"line":22,"column":55}}},"fnMap":{"0":{"name":"writeClientServices","decl":{"start":{"line":15,"column":16},"end":{"line":15,"column":35}},"loc":{"start":{"line":15,"column":131},"end":{"line":24,"column":1}},"line":15},"1":{"name":"(anonymous_1)","decl":{"start":{"line":16,"column":28},"end":{"line":16,"column":29}},"loc":{"start":{"line":16,"column":39},"end":{"line":23,"column":5}},"line":16}},"branchMap":{"0":{"loc":{"start":{"line":15,"column":94},"end":{"line":15,"column":123}},"type":"default-arg","locations":[{"start":{"line":15,"column":118},"end":{"line":15,"column":123}}],"line":15}},"s":{"0":2,"1":1,"2":1,"3":1},"f":{"0":2,"1":1},"b":{"0":[1]},"_coverageSchema":"1a1c01bbd47fc00a2c39e90264f33305004495a9","hash":"fbd8c7623c7b21f58af241e4b15d452c6182f317"}
,"/home/runner/work/kuroco-sdk/kuroco-sdk/src/generator/utils/writeClientSettings.ts": {"path":"/home/runner/work/kuroco-sdk/kuroco-sdk/src/generator/utils/writeClientSettings.ts","statementMap":{"0":{"start":{"line":14,"column":4},"end":{"line":22,"column":6}}},"fnMap":{"0":{"name":"writeClientSettings","decl":{"start":{"line":13,"column":16},"end":{"line":13,"column":35}},"loc":{"start":{"line":13,"column":100},"end":{"line":23,"column":1}},"line":13}},"branchMap":{},"s":{"0":1},"f":{"0":1},"b":{},"_coverageSchema":"1a1c01bbd47fc00a2c39e90264f33305004495a9","hash":"03462a74f17aea8faff64351495b361be5ff7e29"}
,"/home/runner/work/kuroco-sdk/kuroco-sdk/src/generator/utils/writeFirebaseUtil.ts": {"path":"/home/runner/work/kuroco-sdk/kuroco-sdk/src/generator/utils/writeFirebaseUtil.ts","statementMap":{"0":{"start":{"line":14,"column":17},"end":{"line":14,"column":60}},"1":{"start":{"line":15,"column":27},"end":{"line":17,"column":6}},"2":{"start":{"line":18,"column":4},"end":{"line":18,"column":51}}},"fnMap":{"0":{"name":"writeFirebaseUtil","decl":{"start":{"line":13,"column":16},"end":{"line":13,"column":33}},"loc":{"start":{"line":13,"column":98},"end":{"line":19,"column":1}},"line":13}},"branchMap":{},"s":{"0":0,"1":0,"2":0},"f":{"0":0},"b":{},"_coverageSchema":"1a1c01bbd47fc00a2c39e90264f33305004495a9","hash":"e183086c777871c0d3e1020c97cf75800aead4c9"}
,"/home/runner/work/kuroco-sdk/kuroco-sdk/src/generator/utils/writeUploader.ts": {"path":"/home/runner/work/kuroco-sdk/kuroco-sdk/src/generator/utils/writeUploader.ts","statementMap":{"0":{"start":{"line":15,"column":17},"end":{"line":15,"column":56}},"1":{"start":{"line":16,"column":27},"end":{"line":19,"column":6}},"2":{"start":{"line":20,"column":4},"end":{"line":20,"column":51}}},"fnMap":{"0":{"name":"writeUploader","decl":{"start":{"line":14,"column":16},"end":{"line":14,"column":29}},"loc":{"start":{"line":14,"column":94},"end":{"line":21,"column":1}},"line":14}},"branchMap":{},"s":{"0":0,"1":0,"2":0},"f":{"0":0},"b":{},"_coverageSchema":"1a1c01bbd47fc00a2c39e90264f33305004495a9","hash":"604550d5806d672dfd523eaa2bc4bf9284bd923b"}
,"/home/runner/work/kuroco-sdk/kuroco-sdk/src/pull/api.ts": {"path":"/home/runner/work/kuroco-sdk/kuroco-sdk/src/pull/api.ts","statementMap":{"0":{"start":{"line":5,"column":16},"end":{"line":5,"column":110}},"1":{"start":{"line":6,"column":4},"end":{"line":6,"column":22}},"2":{"start":{"line":10,"column":16},"end":{"line":10,"column":111}},"3":{"start":{"line":11,"column":4},"end":{"line":11,"column":67}},"4":{"start":{"line":11,"column":34},"end":{"line":11,"column":65}},"5":{"start":{"line":15,"column":14},"end":{"line":15,"column":24}},"6":{"start":{"line":16,"column":4},"end":{"line":16,"column":67}},"7":{"start":{"line":20,"column":19},"end":{"line":20,"column":62}},"8":{"start":{"line":21,"column":4},"end":{"line":23,"column":19}},"9":{"start":{"line":22,"column":25},"end":{"line":22,"column":76}}},"fnMap":{"0":{"name":"requestOpenAPI","decl":{"start":{"line":4,"column":16},"end":{"line":4,"column":30}},"loc":{"start":{"line":4,"column":52},"end":{"line":7,"column":1}},"line":4},"1":{"name":"requestManifest","decl":{"start":{"line":9,"column":16},"end":{"line":9,"column":31}},"loc":{"start":{"line":9,"column":53},"end":{"line":12,"column":1}},"line":9},"2":{"name":"(anonymous_2)","decl":{"start":{"line":11,"column":27},"end":{"line":11,"column":28}},"loc":{"start":{"line":11,"column":34},"end":{"line":11,"column":65}},"line":11},"3":{"name":"trimLastSlash","decl":{"start":{"line":14,"column":9},"end":{"line":14,"column":22}},"loc":{"start":{"line":14,"column":36},"end":{"line":17,"column":1}},"line":14},"4":{"name":"getQuery","decl":{"start":{"line":19,"column":9},"end":{"line":19,"column":17}},"loc":{"start":{"line":19,"column":42},"end":{"line":24,"column":1}},"line":19},"5":{"name":"(anonymous_5)","decl":{"start":{"line":22,"column":13},"end":{"line":22,"column":14}},"loc":{"start":{"line":22,"column":25},"end":{"line":22,"column":76}},"line":22}},"branchMap":{"0":{"loc":{"start":{"line":16,"column":11},"end":{"line":16,"column":66}},"type":"cond-expr","locations":[{"start":{"line":16,"column":37},"end":{"line":16,"column":62}},{"start":{"line":16,"column":65},"end":{"line":16,"column":66}}],"line":16}},"s":{"0":0,"1":0,"2":0,"3":0,"4":0,"5":0,"6":0,"7":0,"8":0,"9":0},"f":{"0":0,"1":0,"2":0,"3":0,"4":0,"5":0},"b":{"0":[0,0]}}
,"/home/runner/work/kuroco-sdk/kuroco-sdk/src/pull/index.ts": {"path":"/home/runner/work/kuroco-sdk/kuroco-sdk/src/pull/index.ts","statementMap":{"0":{"start":{"line":14,"column":4},"end":{"line":20,"column":5}},"1":{"start":{"line":15,"column":8},"end":{"line":15,"column":47}},"2":{"start":{"line":16,"column":8},"end":{"line":16,"column":50}},"3":{"start":{"line":17,"column":8},"end":{"line":17,"column":92}},"4":{"start":{"line":19,"column":8},"end":{"line":19,"column":23}},"5":{"start":{"line":24,"column":4},"end":{"line":26,"column":5}},"6":{"start":{"line":25,"column":8},"end":{"line":25,"column":68}},"7":{"start":{"line":28,"column":16},"end":{"line":28,"column":49}},"8":{"start":{"line":29,"column":4},"end":{"line":31,"column":5}},"9":{"start":{"line":30,"column":8},"end":{"line":30,"column":87}},"10":{"start":{"line":32,"column":20},"end":{"line":32,"column":51}},"11":{"start":{"line":34,"column":4},"end":{"line":34,"column":40}},"12":{"start":{"line":36,"column":4},"end":{"line":42,"column":5}},"13":{"start":{"line":37,"column":8},"end":{"line":41,"column":11}},"14":{"start":{"line":46,"column":21},"end":{"line":46,"column":55}},"15":{"start":{"line":47,"column":26},"end":{"line":50,"column":5}},"16":{"start":{"line":51,"column":19},"end":{"line":51,"column":68}},"17":{"start":{"line":52,"column":4},"end":{"line":56,"column":7}}},"fnMap":{"0":{"name":"pull","decl":{"start":{"line":13,"column":22},"end":{"line":13,"column":26}},"loc":{"start":{"line":13,"column":45},"end":{"line":21,"column":1}},"line":13},"1":{"name":"writeRcmsFilesWithFetch","decl":{"start":{"line":23,"column":22},"end":{"line":23,"column":45}},"loc":{"start":{"line":23,"column":64},"end":{"line":43,"column":1}},"line":23},"2":{"name":"overwriteConfigurationFile","decl":{"start":{"line":45,"column":22},"end":{"line":45,"column":48}},"loc":{"start":{"line":45,"column":67},"end":{"line":57,"column":1}},"line":45}},"branchMap":{"0":{"loc":{"start":{"line":24,"column":4},"end":{"line":26,"column":5}},"type":"if","locations":[{"start":{"line":24,"column":4},"end":{"line":26,"column":5}},{"start":{"line":24,"column":4},"end":{"line":26,"column":5}}],"line":24},"1":{"loc":{"start":{"line":29,"column":4},"end":{"line":31,"column":5}},"type":"if","locations":[{"start":{"line":29,"column":4},"end":{"line":31,"column":5}},{"start":{"line":29,"column":4},"end":{"line":31,"column":5}}],"line":29},"2":{"loc":{"start":{"line":29,"column":8},"end":{"line":29,"column":37}},"type":"binary-expr","locations":[{"start":{"line":29,"column":8},"end":{"line":29,"column":15}},{"start":{"line":29,"column":19},"end":{"line":29,"column":37}}],"line":29},"3":{"loc":{"start":{"line":36,"column":4},"end":{"line":42,"column":5}},"type":"if","locations":[{"start":{"line":36,"column":4},"end":{"line":42,"column":5}},{"start":{"line":36,"column":4},"end":{"line":42,"column":5}}],"line":36}},"s":{"0":0,"1":0,"2":0,"3":0,"4":0,"5":0,"6":0,"7":0,"8":0,"9":0,"10":0,"11":0,"12":0,"13":0,"14":0,"15":0,"16":0,"17":0},"f":{"0":0,"1":0,"2":0},"b":{"0":[0,0],"1":[0,0],"2":[0,0],"3":[0,0]}}
}
