TN:
SF:src/index.ts
FNF:0
FNH:0
LF:0
LH:0
BRF:0
BRH:0
end_of_record
TN:
SF:src/__base/index.ts
FN:27,handleSuccess
FN:29,(anonymous_1)
FN:32,handleError
FN:38,log
FNF:4
FNH:0
FNDA:0,handleSuccess
FNDA:0,(anonymous_1)
FNDA:0,handleError
FNDA:0,log
DA:28,0
DA:29,0
DA:33,0
DA:34,0
DA:35,0
DA:39,0
LF:6
LH:0
BRF:0
BRH:0
end_of_record
TN:
SF:src/generator/index.ts
FN:25,generate
FNF:1
FNH:1
FNDA:1,generate
DA:26,1
DA:28,1
DA:29,1
DA:31,1
DA:32,1
DA:33,1
DA:34,0
DA:36,1
DA:38,0
LF:9
LH:7
BRDA:25,0,0,0
BRDA:25,1,0,0
BRDA:28,2,0,1
BRDA:28,2,1,0
BRDA:33,3,0,0
BRDA:33,3,1,1
BRF:6
BRH:2
end_of_record
TN:
SF:src/generator/client/interfaces/OperationPattern.ts
FNF:0
FNH:0
LF:0
LH:0
BRF:0
BRH:0
end_of_record
TN:
SF:src/generator/openApi/v3/index.ts
FN:14,parse
FNF:1
FNH:1
FNDA:1,parse
DA:15,1
DA:16,1
DA:17,1
DA:18,1
DA:19,1
DA:20,1
LF:6
LH:6
BRF:0
BRH:0
end_of_record
TN:
SF:src/generator/openApi/v3/interfaces/Extensions/WithEnumExtension.ts
FNF:0
FNH:0
LF:0
LH:0
BRF:0
BRH:0
end_of_record
TN:
SF:src/generator/openApi/v3/parser/constants.ts
FNF:0
FNH:0
DA:12,4
LF:1
LH:1
BRF:0
BRH:0
end_of_record
TN:
SF:src/generator/openApi/v3/parser/extendEnum.ts
FN:13,extendEnum
FN:17,(anonymous_1)
FNF:2
FNH:2
FNDA:9,extendEnum
FNDA:27,(anonymous_1)
DA:4,1
DA:5,1
DA:14,9
DA:15,9
DA:17,27
LF:5
LH:5
BRDA:18,0,0,27
BRDA:18,0,1,3
BRDA:18,0,2,24
BRDA:19,1,0,27
BRDA:19,1,1,3
BRDA:19,1,2,24
BRF:6
BRH:6
end_of_record
TN:
SF:src/generator/openApi/v3/parser/getComment.ts
FN:8,getComment
FN:10,(anonymous_1)
FNF:2
FNH:2
FNDA:354,getComment
FNDA:9,(anonymous_1)
DA:9,354
DA:10,116
DA:12,238
LF:3
LH:3
BRDA:9,0,0,116
BRDA:9,0,1,238
BRF:2
BRH:2
end_of_record
TN:
SF:src/generator/openApi/v3/parser/getContent.ts
FN:7,getContent
FNF:1
FNH:1
FNDA:26,getContent
DA:9,26
LF:1
LH:1
BRDA:9,0,0,26
BRDA:9,0,1,1
BRDA:9,0,2,25
BRDA:9,0,3,24
BRDA:9,0,4,1
BRDA:9,0,5,0
BRDA:9,0,6,1
BRDA:9,0,7,0
BRDA:9,0,8,1
BRDA:9,0,9,1
BRDA:9,0,10,0
BRDA:9,0,11,0
BRDA:9,0,12,0
BRDA:9,0,13,0
BRDA:9,0,14,0
BRF:15
BRH:8
end_of_record
TN:
SF:src/generator/openApi/v3/parser/getEnum.ts
FN:4,getEnum
FN:7,(anonymous_1)
FN:10,(anonymous_2)
FNF:3
FNH:3
FNDA:9,getEnum
FNDA:27,(anonymous_1)
FNDA:27,(anonymous_2)
DA:5,9
DA:6,9
DA:8,27
DA:11,27
DA:12,6
DA:19,21
DA:27,0
LF:7
LH:6
BRDA:5,0,0,9
BRDA:5,0,1,0
BRDA:11,1,0,6
BRDA:11,1,1,21
BRF:4
BRH:3
end_of_record
TN:
SF:src/generator/openApi/v3/parser/getEnumFromDescription.ts
FN:4,getEnumFromDescription
FN:12,(anonymous_1)
FN:26,(anonymous_2)
FN:27,(anonymous_3)
FNF:4
FNH:4
FNDA:7,getEnumFromDescription
FNDA:12,(anonymous_1)
FNDA:12,(anonymous_2)
FNDA:36,(anonymous_3)
DA:7,7
DA:8,4
DA:9,4
DA:11,4
DA:12,4
DA:13,12
DA:14,12
DA:15,12
DA:16,12
DA:26,4
DA:27,36
DA:32,3
LF:12
LH:12
BRDA:7,0,0,4
BRDA:7,0,1,3
BRDA:9,1,0,4
BRDA:9,1,1,0
BRDA:15,2,0,12
BRDA:15,2,1,0
BRDA:15,3,0,12
BRDA:15,3,1,12
BRF:8
BRH:6
end_of_record
TN:
SF:src/generator/openApi/v3/parser/getEnumValues.ts
FN:3,getEnumValues
FN:8,(anonymous_1)
FN:9,(anonymous_2)
FNF:3
FNH:0
FNDA:0,getEnumValues
FNDA:0,(anonymous_1)
FNDA:0,(anonymous_2)
DA:7,0
DA:8,0
DA:10,0
LF:3
LH:0
BRF:0
BRH:0
end_of_record
TN:
SF:src/generator/openApi/v3/parser/getMappedType.ts
FN:6,getMappedType
FN:14,hasMappedType
FNF:2
FNH:2
FNDA:98,getMappedType
FNDA:186,hasMappedType
DA:7,98
DA:8,98
DA:9,96
DA:11,2
DA:15,186
LF:5
LH:5
BRDA:8,0,0,96
BRDA:8,0,1,2
BRF:2
BRH:2
end_of_record
TN:
SF:src/generator/openApi/v3/parser/getModel.ts
FN:13,getModel
FN:123,(anonymous_1)
FN:125,(anonymous_2)
FN:128,(anonymous_3)
FN:134,(anonymous_4)
FN:136,(anonymous_5)
FN:139,(anonymous_6)
FN:139,(anonymous_7)
FN:146,(anonymous_8)
FN:170,(anonymous_9)
FN:172,(anonymous_10)
FN:175,(anonymous_11)
FN:181,(anonymous_12)
FN:183,(anonymous_13)
FN:186,(anonymous_14)
FN:186,(anonymous_15)
FN:196,(anonymous_16)
FN:221,(anonymous_17)
FN:229,(anonymous_18)
FN:242,(anonymous_19)
FNF:20
FNH:10
FNDA:169,getModel
FNDA:4,(anonymous_1)
FNDA:0,(anonymous_2)
FNDA:0,(anonymous_3)
FNDA:4,(anonymous_4)
FNDA:0,(anonymous_5)
FNDA:0,(anonymous_6)
FNDA:0,(anonymous_7)
FNDA:4,(anonymous_8)
FNDA:8,(anonymous_9)
FNDA:0,(anonymous_10)
FNDA:0,(anonymous_11)
FNDA:8,(anonymous_12)
FNDA:0,(anonymous_13)
FNDA:0,(anonymous_14)
FNDA:0,(anonymous_15)
FNDA:8,(anonymous_16)
FNDA:5,(anonymous_17)
FNDA:4,(anonymous_18)
FNDA:61,(anonymous_19)
DA:14,169
DA:33,169
DA:34,13
DA:35,13
DA:36,13
DA:37,13
DA:38,13
DA:39,13
DA:40,13
DA:41,13
DA:44,156
DA:45,9
DA:46,9
DA:47,9
DA:48,9
DA:49,9
DA:50,9
DA:51,9
DA:52,9
DA:53,9
DA:57,147
DA:58,7
DA:59,7
DA:60,4
DA:61,4
DA:62,4
DA:63,4
DA:64,4
DA:65,4
DA:69,143
DA:70,17
DA:71,6
DA:72,6
DA:73,6
DA:74,6
DA:75,6
DA:76,6
DA:77,6
DA:78,6
DA:80,11
DA:81,11
DA:82,11
DA:83,11
DA:84,11
DA:85,11
DA:86,11
DA:87,11
DA:88,11
DA:92,126
DA:93,9
DA:94,1
DA:95,1
DA:96,1
DA:97,1
DA:98,1
DA:99,1
DA:100,1
DA:101,1
DA:102,1
DA:104,8
DA:105,8
DA:106,8
DA:107,8
DA:108,8
DA:109,8
DA:110,8
DA:111,8
DA:112,8
DA:113,8
DA:120,117
DA:121,1
DA:122,1
DA:124,4
DA:125,0
DA:127,4
DA:128,0
DA:130,4
DA:133,1
DA:135,4
DA:136,0
DA:138,4
DA:139,0
DA:141,4
DA:144,1
DA:145,1
DA:146,1
DA:147,4
DA:155,1
DA:156,1
DA:157,1
DA:158,1
DA:159,1
DA:161,1
DA:167,116
DA:168,2
DA:169,2
DA:171,8
DA:172,0
DA:174,8
DA:175,0
DA:177,8
DA:180,2
DA:182,8
DA:183,0
DA:185,8
DA:186,0
DA:188,8
DA:191,2
DA:192,0
DA:194,2
DA:195,2
DA:196,2
DA:197,8
DA:205,2
DA:206,2
DA:207,2
DA:208,2
DA:209,2
DA:211,2
DA:214,114
DA:215,36
DA:216,36
DA:217,36
DA:218,36
DA:220,36
DA:221,2
DA:222,5
DA:223,3
DA:224,3
DA:225,3
DA:227,5
DA:228,2
DA:229,2
DA:230,4
DA:231,4
DA:232,4
DA:233,0
DA:240,36
DA:241,31
DA:242,31
DA:243,61
DA:244,61
DA:245,61
DA:246,3
DA:251,36
DA:255,78
DA:256,78
DA:257,78
DA:258,78
DA:259,78
DA:260,78
DA:261,78
DA:262,78
DA:263,78
DA:266,0
LF:155
LH:144
BRDA:13,0,0,126
BRDA:13,1,0,126
BRDA:33,2,0,13
BRDA:33,2,1,156
BRDA:44,3,0,9
BRDA:44,3,1,147
BRDA:47,4,0,9
BRDA:47,4,1,0
BRDA:57,5,0,7
BRDA:57,5,1,140
BRDA:57,6,0,147
BRDA:57,6,1,144
BRDA:57,6,2,13
BRDA:59,7,0,4
BRDA:59,7,1,3
BRDA:69,8,0,17
BRDA:69,8,1,126
BRDA:69,9,0,143
BRDA:69,9,1,17
BRDA:70,10,0,6
BRDA:70,10,1,11
BRDA:92,11,0,9
BRDA:92,11,1,117
BRDA:92,12,0,126
BRDA:92,12,1,48
BRDA:92,12,2,9
BRDA:93,13,0,1
BRDA:93,13,1,8
BRDA:120,14,0,1
BRDA:120,14,1,116
BRDA:120,15,0,117
BRDA:120,15,1,1
BRDA:124,16,0,0
BRDA:124,16,1,4
BRDA:127,17,0,0
BRDA:127,17,1,4
BRDA:135,18,0,0
BRDA:135,18,1,4
BRDA:138,19,0,0
BRDA:138,19,1,4
BRDA:139,20,0,0
BRDA:139,20,1,0
BRDA:148,21,0,4
BRDA:148,21,1,1
BRDA:149,22,0,4
BRDA:149,22,1,1
BRDA:150,23,0,4
BRDA:150,23,1,1
BRDA:151,24,0,4
BRDA:151,24,1,1
BRDA:152,25,0,4
BRDA:152,25,1,1
BRDA:167,26,0,2
BRDA:167,26,1,114
BRDA:167,27,0,116
BRDA:167,27,1,2
BRDA:171,28,0,0
BRDA:171,28,1,8
BRDA:174,29,0,0
BRDA:174,29,1,8
BRDA:182,30,0,0
BRDA:182,30,1,8
BRDA:185,31,0,0
BRDA:185,31,1,8
BRDA:186,32,0,0
BRDA:186,32,1,0
BRDA:191,33,0,0
BRDA:191,33,1,2
BRDA:198,34,0,8
BRDA:198,34,1,2
BRDA:199,35,0,8
BRDA:199,35,1,2
BRDA:200,36,0,8
BRDA:200,36,1,2
BRDA:201,37,0,8
BRDA:201,37,1,2
BRDA:202,38,0,8
BRDA:202,38,1,2
BRDA:214,39,0,36
BRDA:214,39,1,78
BRDA:220,40,0,2
BRDA:220,40,1,34
BRDA:222,41,0,3
BRDA:222,41,1,2
BRDA:227,42,0,2
BRDA:227,42,1,3
BRDA:227,43,0,5
BRDA:227,43,1,2
BRDA:232,44,0,0
BRDA:232,44,1,4
BRDA:240,45,0,31
BRDA:240,45,1,5
BRDA:245,46,0,3
BRDA:245,46,1,58
BRDA:255,47,0,78
BRDA:255,47,1,0
BRF:96
BRH:80
end_of_record
TN:
SF:src/generator/openApi/v3/parser/getModelDefault.ts
FN:4,getModelDefault
FNF:1
FNH:1
FNDA:168,getModelDefault
DA:5,168
DA:6,1
DA:9,167
DA:11,3
DA:12,1
DA:14,2
DA:17,3
DA:20,2
DA:23,1
DA:24,1
DA:30,158
LF:11
LH:11
BRDA:5,0,0,1
BRDA:5,0,1,167
BRDA:9,1,0,3
BRDA:9,1,1,3
BRDA:9,1,2,2
BRDA:9,1,3,1
BRDA:11,2,0,1
BRDA:11,2,1,2
BRDA:11,3,0,3
BRDA:11,3,1,3
BRDA:11,3,2,1
BRDA:11,3,3,1
BRF:12
BRH:12
end_of_record
TN:
SF:src/generator/openApi/v3/parser/getModelProperties.ts
FN:8,getModelProperties
FNF:1
FNH:1
FNDA:33,getModelProperties
DA:9,33
DA:10,33
DA:11,65
DA:12,65
DA:13,65
DA:14,65
DA:15,10
DA:16,10
DA:49,55
DA:50,55
DA:86,33
LF:11
LH:11
BRDA:11,0,0,65
BRDA:11,0,1,0
BRDA:13,1,0,65
BRDA:13,1,1,22
BRDA:14,2,0,10
BRDA:14,2,1,55
BRF:6
BRH:5
end_of_record
TN:
SF:src/generator/openApi/v3/parser/getModelTemplate.ts
FN:9,getModelTemplate
FNF:1
FNH:1
FNDA:2,getModelTemplate
DA:10,2
LF:1
LH:1
BRDA:10,0,0,1
BRDA:10,0,1,1
BRF:2
BRH:2
end_of_record
TN:
SF:src/generator/openApi/v3/parser/getModels.ts
FN:6,getModels
FNF:1
FNH:1
FNDA:1,getModels
DA:7,1
DA:8,1
DA:9,1
DA:10,43
DA:11,43
DA:12,43
DA:13,43
DA:14,43
DA:18,1
LF:9
LH:9
BRDA:8,0,0,1
BRDA:8,0,1,0
BRDA:10,1,0,43
BRDA:10,1,1,0
BRF:4
BRH:2
end_of_record
TN:
SF:src/generator/openApi/v3/parser/getOperation.ts
FN:19,getOperation
FN:78,(anonymous_1)
FNF:2
FNH:2
FNDA:25,getOperation
FNDA:14,(anonymous_1)
DA:20,25
DA:21,25
DA:22,25
DA:23,25
DA:24,25
DA:27,25
DA:51,25
DA:52,9
DA:53,9
DA:54,9
DA:55,9
DA:56,9
DA:57,9
DA:58,9
DA:59,9
DA:60,9
DA:63,25
DA:64,5
DA:65,5
DA:66,5
DA:67,5
DA:68,5
DA:72,25
DA:73,9
DA:74,9
DA:75,9
DA:76,9
DA:78,9
DA:79,14
DA:80,14
DA:84,25
LF:31
LH:31
BRDA:20,0,0,25
BRDA:20,0,1,25
BRDA:20,0,2,0
BRDA:23,1,0,25
BRDA:23,1,1,0
BRDA:51,2,0,9
BRDA:51,2,1,16
BRDA:63,3,0,5
BRDA:63,3,1,20
BRDA:72,4,0,9
BRDA:72,4,1,16
BRF:11
BRH:9
end_of_record
TN:
SF:src/generator/openApi/v3/parser/getOperationErrors.ts
FN:4,getOperationErrors
FN:6,(anonymous_1)
FN:9,(anonymous_2)
FNF:3
FNH:3
FNDA:9,getOperationErrors
FNDA:26,(anonymous_1)
FNDA:10,(anonymous_2)
DA:5,9
DA:7,26
DA:9,10
LF:3
LH:3
BRDA:7,0,0,26
BRDA:7,0,1,10
BRF:2
BRH:2
end_of_record
TN:
SF:src/generator/openApi/v3/parser/getOperationName.ts
FN:8,getOperationName
FNF:1
FNH:1
FNDA:32,getOperationName
DA:9,32
DA:10,32
LF:2
LH:2
BRF:0
BRH:0
end_of_record
TN:
SF:src/generator/openApi/v3/parser/getOperationNameFallback.ts
FN:5,getOperationNameFallback
FN:7,(anonymous_1)
FN:9,(anonymous_2)
FN:11,(anonymous_3)
FNF:4
FNH:4
FNDA:39,getOperationNameFallback
FNDA:98,(anonymous_1)
FNDA:31,(anonymous_2)
FNDA:223,(anonymous_3)
DA:6,39
DA:8,98
DA:9,31
DA:11,223
DA:16,39
LF:5
LH:5
BRF:0
BRH:0
end_of_record
TN:
SF:src/generator/openApi/v3/parser/getOperationParameter.ts
FN:11,getOperationParameter
FNF:1
FNH:1
FNDA:34,getOperationParameter
DA:12,34
DA:33,34
DA:34,0
DA:35,0
DA:36,0
DA:37,0
DA:38,0
DA:39,0
DA:40,0
DA:43,34
DA:44,34
DA:45,2
DA:46,2
DA:47,2
DA:48,2
DA:49,2
DA:50,2
DA:51,2
DA:52,2
DA:53,2
DA:55,32
DA:56,32
DA:57,32
DA:58,32
DA:59,32
DA:60,32
DA:61,32
DA:62,32
DA:63,32
DA:64,32
DA:65,32
DA:66,32
DA:67,32
DA:68,32
DA:69,32
DA:70,32
DA:71,32
DA:72,32
DA:73,32
DA:74,32
DA:75,32
DA:76,32
DA:77,32
DA:78,32
DA:79,32
DA:80,32
DA:81,32
DA:82,32
DA:83,32
DA:84,32
DA:88,0
LF:51
LH:43
BRDA:33,0,0,0
BRDA:33,0,1,34
BRDA:43,1,0,34
BRDA:43,1,1,0
BRDA:44,2,0,2
BRDA:44,2,1,32
BRDA:52,3,0,2
BRDA:52,3,1,1
BRDA:62,4,0,32
BRDA:62,4,1,9
BRDA:62,4,2,9
BRDA:63,5,0,32
BRDA:63,5,1,12
BRF:13
BRH:11
end_of_record
TN:
SF:src/generator/openApi/v3/parser/getOperationParameterName.ts
FN:7,getOperationParameterName
FNF:1
FNH:1
FNDA:84,getOperationParameterName
DA:8,84
DA:9,84
LF:2
LH:2
BRF:0
BRH:0
end_of_record
TN:
SF:src/generator/openApi/v3/parser/getOperationParameters.ts
FN:8,getOperationParameters
FN:21,(anonymous_1)
FNF:2
FNH:2
FNDA:9,getOperationParameters
FNDA:34,(anonymous_1)
DA:9,9
DA:21,9
DA:22,34
DA:23,34
DA:27,34
DA:28,30
DA:30,5
DA:31,5
DA:32,5
DA:33,5
DA:36,18
DA:37,18
DA:38,18
DA:39,18
DA:42,3
DA:43,3
DA:44,3
DA:45,3
DA:48,2
DA:49,2
DA:50,2
DA:51,2
DA:54,2
DA:55,2
DA:56,2
DA:57,2
DA:62,9
DA:63,9
DA:64,9
DA:65,9
DA:66,9
DA:67,9
DA:68,9
LF:33
LH:33
BRDA:27,0,0,30
BRDA:27,0,1,4
BRDA:28,1,0,5
BRDA:28,1,1,18
BRDA:28,1,2,3
BRDA:28,1,3,2
BRDA:28,1,4,2
BRF:7
BRH:7
end_of_record
TN:
SF:src/generator/openApi/v3/parser/getOperationPath.ts
FN:10,getOperationPath
FN:12,(anonymous_1)
FNF:2
FNH:2
FNDA:35,getOperationPath
FNDA:42,(anonymous_1)
DA:11,35
DA:13,42
LF:2
LH:2
BRF:0
BRH:0
end_of_record
TN:
SF:src/generator/openApi/v3/parser/getOperationRequestBody.ts
FN:10,getOperationRequestBody
FNF:1
FNH:1
FNDA:5,getOperationRequestBody
DA:11,5
DA:33,5
DA:34,5
DA:35,5
DA:36,5
DA:37,4
DA:38,4
DA:39,4
DA:40,4
DA:41,4
DA:42,4
DA:43,4
DA:45,1
DA:46,1
DA:47,1
DA:48,1
DA:49,1
DA:50,1
DA:51,1
DA:52,1
DA:53,1
DA:54,1
DA:55,1
DA:56,1
DA:57,1
DA:58,1
DA:59,1
DA:60,1
DA:61,1
DA:62,1
DA:63,1
DA:64,1
DA:65,1
DA:66,1
DA:67,1
DA:68,1
DA:69,1
DA:70,1
DA:71,1
DA:72,1
DA:73,1
DA:78,0
LF:42
LH:41
BRDA:33,0,0,5
BRDA:33,0,1,0
BRDA:35,1,0,5
BRDA:35,1,1,0
BRDA:36,2,0,4
BRDA:36,2,1,1
BRDA:36,3,0,5
BRDA:36,3,1,5
BRDA:52,4,0,1
BRDA:52,4,1,1
BRDA:53,5,0,1
BRDA:53,5,1,1
BRF:12
BRH:10
end_of_record
TN:
SF:src/generator/openApi/v3/parser/getOperationResponse.ts
FN:10,getOperationResponse
FNF:1
FNH:1
FNDA:26,getOperationResponse
DA:11,26
DA:34,26
DA:35,1
DA:36,1
DA:37,1
DA:38,1
DA:39,1
DA:40,1
DA:41,1
DA:46,25
DA:47,21
DA:48,21
DA:49,21
DA:50,14
DA:51,14
DA:52,14
DA:53,14
DA:54,14
DA:55,14
DA:56,14
DA:58,7
DA:59,7
DA:60,7
DA:61,7
DA:62,7
DA:63,7
DA:64,7
DA:65,7
DA:66,7
DA:67,7
DA:68,7
DA:69,7
DA:70,7
DA:71,7
DA:72,7
DA:73,7
DA:74,7
DA:75,7
DA:76,7
DA:77,7
DA:78,7
DA:79,7
DA:80,7
DA:81,7
DA:82,7
DA:83,7
DA:84,7
DA:85,7
DA:86,7
DA:91,4
LF:50
LH:50
BRDA:34,0,0,1
BRDA:34,0,1,25
BRDA:36,1,0,1
BRDA:36,1,1,0
BRDA:46,2,0,21
BRDA:46,2,1,4
BRDA:48,3,0,21
BRDA:48,3,1,0
BRDA:49,4,0,14
BRDA:49,4,1,7
BRDA:49,5,0,21
BRDA:49,5,1,21
BRF:12
BRH:10
end_of_record
TN:
SF:src/generator/openApi/v3/parser/getOperationResponseCode.ts
FN:1,getOperationResponseCode
FNF:1
FNH:1
FNDA:33,getOperationResponseCode
DA:3,33
DA:4,4
DA:8,29
DA:9,27
DA:10,27
DA:11,27
DA:15,2
LF:7
LH:7
BRDA:3,0,0,4
BRDA:3,0,1,29
BRDA:8,1,0,27
BRDA:8,1,1,2
BRDA:10,2,0,27
BRDA:10,2,1,0
BRF:6
BRH:5
end_of_record
TN:
SF:src/generator/openApi/v3/parser/getOperationResponseHeader.ts
FN:3,getOperationResponseHeader
FN:4,(anonymous_1)
FNF:2
FNH:2
FNDA:9,getOperationResponseHeader
FNDA:14,(anonymous_1)
DA:4,9
DA:5,14
DA:7,9
DA:8,1
DA:10,8
LF:5
LH:5
BRDA:7,0,0,1
BRDA:7,0,1,8
BRF:2
BRH:2
end_of_record
TN:
SF:src/generator/openApi/v3/parser/getOperationResponses.ts
FN:9,getOperationResponses
FN:27,(anonymous_1)
FNF:2
FNH:2
FNDA:9,getOperationResponses
FNDA:23,(anonymous_1)
DA:10,9
DA:14,9
DA:15,26
DA:16,26
DA:17,26
DA:18,26
DA:20,26
DA:21,26
DA:27,9
DA:28,23
LF:10
LH:10
BRDA:15,0,0,26
BRDA:15,0,1,0
BRDA:20,1,0,26
BRDA:20,1,1,0
BRDA:28,2,0,8
BRDA:28,2,1,15
BRDA:28,3,0,15
BRDA:28,3,1,0
BRF:8
BRH:5
end_of_record
TN:
SF:src/generator/openApi/v3/parser/getOperationResults.ts
FN:5,areEqual
FN:13,getOperationResults
FN:16,(anonymous_2)
FN:45,(anonymous_3)
FN:47,(anonymous_4)
FNF:5
FNH:5
FNDA:25,areEqual
FNDA:9,getOperationResults
FNDA:26,(anonymous_2)
FNDA:16,(anonymous_3)
FNDA:25,(anonymous_4)
DA:6,25
DA:7,25
DA:8,0
DA:10,25
DA:14,9
DA:16,9
DA:17,26
DA:18,16
DA:22,9
DA:23,0
DA:45,9
DA:46,16
DA:48,25
LF:13
LH:11
BRDA:6,0,0,25
BRDA:6,0,1,16
BRDA:6,0,2,16
BRDA:7,1,0,0
BRDA:7,1,1,25
BRDA:7,2,0,25
BRDA:7,2,1,16
BRDA:7,2,2,0
BRDA:17,3,0,16
BRDA:17,3,1,10
BRDA:17,4,0,26
BRDA:17,4,1,26
BRDA:17,4,2,26
BRDA:22,5,0,0
BRDA:22,5,1,9
BRF:15
BRH:12
end_of_record
TN:
SF:src/generator/openApi/v3/parser/getOperationType.ts
FN:8,getOperationType
FN:13,isMatchAll
FN:14,(anonymous_2)
FNF:3
FNH:1
FNDA:25,getOperationType
FNDA:0,isMatchAll
FNDA:0,(anonymous_2)
DA:9,25
DA:10,25
DA:14,0
DA:16,0
DA:17,0
DA:19,0
DA:20,0
DA:22,0
DA:23,0
DA:25,0
DA:26,0
DA:29,0
LF:12
LH:2
BRDA:8,0,0,25
BRDA:9,1,0,25
BRDA:9,1,1,0
BRDA:16,2,0,0
BRDA:16,2,1,0
BRDA:19,3,0,0
BRDA:19,3,1,0
BRDA:22,4,0,0
BRDA:22,4,1,0
BRDA:25,5,0,0
BRDA:25,5,1,0
BRF:11
BRH:2
end_of_record
TN:
SF:src/generator/openApi/v3/parser/getRef.ts
FN:4,getRef
FN:11,(anonymous_1)
FN:16,(anonymous_2)
FNF:3
FNH:1
FNDA:60,getRef
FNDA:0,(anonymous_1)
FNDA:0,(anonymous_2)
DA:5,60
DA:8,0
DA:11,0
DA:15,0
DA:16,0
DA:17,0
DA:18,0
DA:20,0
DA:23,0
DA:25,60
LF:10
LH:2
BRDA:5,0,0,0
BRDA:5,0,1,60
BRDA:17,1,0,0
BRDA:17,1,1,0
BRF:4
BRH:1
end_of_record
TN:
SF:src/generator/openApi/v3/parser/getSecurity.ts
FN:9,getSecurity
FNF:1
FNH:1
FNDA:2,getSecurity
DA:10,2
DA:11,2
DA:12,2
DA:13,2
DA:14,2
DA:21,2
LF:6
LH:6
BRDA:11,0,0,2
BRDA:11,0,1,0
BRDA:13,1,0,2
BRDA:13,1,1,0
BRF:4
BRH:2
end_of_record
TN:
SF:src/generator/openApi/v3/parser/getServer.ts
FN:3,getServer
FNF:1
FNH:1
FNDA:3,getServer
DA:4,3
DA:5,3
DA:6,3
DA:7,3
DA:8,2
DA:9,2
DA:12,3
LF:7
LH:7
BRDA:4,0,0,3
BRDA:4,0,1,3
BRDA:5,1,0,3
BRDA:5,1,1,3
BRDA:5,1,2,2
BRDA:6,2,0,3
BRDA:6,2,1,3
BRDA:6,2,2,0
BRDA:8,3,0,2
BRDA:8,3,1,0
BRF:10
BRH:8
end_of_record
TN:
SF:src/generator/openApi/v3/parser/getServiceClassName.ts
FN:7,getServiceClassName
FNF:1
FNH:1
FNDA:32,getServiceClassName
DA:8,32
DA:9,32
DA:10,32
DA:11,28
DA:13,4
LF:5
LH:5
BRDA:10,0,0,28
BRDA:10,0,1,4
BRDA:10,1,0,32
BRDA:10,1,1,31
BRF:4
BRH:4
end_of_record
TN:
SF:src/generator/openApi/v3/parser/getServiceVersion.ts
FN:6,getServiceVersion
FNF:1
FNH:1
FNDA:4,getServiceVersion
DA:7,4
LF:1
LH:1
BRDA:6,0,0,0
BRF:1
BRH:0
end_of_record
TN:
SF:src/generator/openApi/v3/parser/getServices.ts
FN:9,getServices
FNF:1
FNH:1
FNDA:1,getServices
DA:10,1
DA:11,1
DA:12,13
DA:13,13
DA:14,13
DA:15,25
DA:16,25
DA:25,25
DA:26,25
DA:31,25
DA:39,25
DA:40,25
DA:41,25
DA:42,25
DA:48,1
LF:15
LH:15
BRDA:12,0,0,13
BRDA:12,0,1,0
BRDA:15,1,0,25
BRDA:15,1,1,0
BRDA:16,2,0,10
BRDA:16,2,1,14
BRDA:16,2,2,20
BRDA:16,2,3,22
BRDA:16,2,4,23
BRDA:16,2,5,24
BRDA:16,2,6,25
BRDA:31,3,0,25
BRDA:31,3,1,10
BRF:13
BRH:11
end_of_record
TN:
SF:src/generator/openApi/v3/parser/getType.ts
FN:11,getType
FNF:1
FNH:1
FNDA:191,getType
DA:12,191
DA:19,191
DA:21,191
DA:22,5
DA:23,5
DA:24,5
DA:25,5
DA:27,5
DA:28,1
DA:29,1
DA:30,1
DA:31,4
DA:32,4
DA:33,4
DA:34,4
DA:36,0
DA:37,0
DA:38,0
DA:41,5
DA:42,5
DA:44,186
DA:45,83
DA:46,83
DA:47,83
DA:48,103
DA:49,103
DA:50,103
DA:51,103
DA:56,191
DA:57,1
DA:58,1
DA:59,1
DA:62,191
LF:33
LH:30
BRDA:19,0,0,191
BRDA:19,0,1,0
BRDA:21,1,0,5
BRDA:21,1,1,186
BRDA:23,2,0,5
BRDA:23,2,1,0
BRDA:23,3,0,5
BRDA:23,3,1,5
BRDA:27,4,0,1
BRDA:27,4,1,4
BRDA:31,5,0,4
BRDA:31,5,1,0
BRDA:44,6,0,83
BRDA:44,6,1,103
BRDA:48,7,0,103
BRDA:48,7,1,0
BRDA:56,8,0,1
BRDA:56,8,1,190
BRF:18
BRH:14
end_of_record
TN:
SF:src/generator/openApi/v3/parser/isPrimaryType.ts
FN:7,isPrimaryType
FNF:1
FNH:1
FNDA:8,isPrimaryType
DA:8,8
DA:16,6
DA:18,2
LF:3
LH:3
BRDA:8,0,0,0
BRDA:8,0,1,1
BRDA:8,0,2,2
BRDA:8,0,3,3
BRDA:8,0,4,4
BRDA:8,0,5,5
BRDA:8,0,6,6
BRF:7
BRH:6
end_of_record
TN:
SF:src/generator/openApi/v3/parser/sortByRequired.ts
FN:3,sortByRequired
FNF:1
FNH:1
FNDA:58,sortByRequired
DA:4,58
LF:1
LH:1
BRDA:4,0,0,11
BRDA:4,0,1,47
BRDA:4,1,0,58
BRDA:4,1,1,48
BRDA:4,2,0,4
BRDA:4,2,1,43
BRDA:4,3,0,47
BRDA:4,3,1,10
BRF:8
BRH:8
end_of_record
TN:
SF:src/generator/openApi/v3/parser/stripNamespace.ts
FN:5,stripNamespace
FN:21,(anonymous_1)
FN:28,(anonymous_2)
FNF:3
FNH:3
FNDA:204,stripNamespace
FNDA:8,(anonymous_1)
FNDA:204,(anonymous_2)
DA:6,204
DA:22,8
DA:23,8
DA:29,204
LF:4
LH:4
BRF:0
BRH:0
end_of_record
TN:
SF:src/generator/utils/flatMap.ts
FN:5,flatMap
FN:7,(anonymous_1)
FNF:2
FNH:0
FNDA:0,flatMap
FNDA:0,(anonymous_1)
DA:6,0
DA:7,0
DA:8,0
DA:10,0
LF:4
LH:0
BRF:0
BRH:0
end_of_record
TN:
SF:src/generator/utils/format.ts
FN:3,format
FN:6,(anonymous_1)
FNF:2
FNH:2
FNDA:4,format
FNDA:4,(anonymous_1)
DA:4,4
DA:5,4
DA:6,4
DA:7,4
DA:8,4
DA:9,4
DA:10,0
DA:12,4
DA:13,0
DA:14,0
DA:16,4
DA:17,4
DA:18,0
DA:20,4
DA:22,4
LF:15
LH:11
BRDA:9,0,0,0
BRDA:9,0,1,4
BRDA:9,1,0,4
BRDA:9,1,1,4
BRDA:9,1,2,4
BRDA:12,2,0,0
BRDA:12,2,1,4
BRDA:12,3,0,4
BRDA:12,3,1,4
BRDA:12,3,2,4
BRDA:12,3,3,0
BRDA:17,4,0,0
BRDA:17,4,1,4
BRF:13
BRH:9
end_of_record
TN:
SF:src/generator/utils/getModelNames.ts
FN:4,getModelNames
FN:5,(anonymous_1)
FNF:2
FNH:2
FNDA:4,getModelNames
FNDA:3,(anonymous_1)
DA:5,4
LF:1
LH:1
BRF:0
BRH:0
end_of_record
TN:
SF:src/generator/utils/getOpenApiSpec.ts
FN:8,read
FN:23,getOpenApiSpec
FNF:2
FNH:2
FNDA:2,read
FNDA:2,getOpenApiSpec
DA:9,2
DA:10,2
DA:11,2
DA:13,0
DA:16,0
DA:24,2
DA:25,2
DA:27,2
DA:28,2
DA:30,0
LF:10
LH:7
BRDA:9,0,0,2
BRDA:9,0,1,0
BRF:2
BRH:1
end_of_record
TN:
SF:src/generator/utils/getServiceNames.ts
FN:4,getServiceNames
FN:5,(anonymous_1)
FNF:2
FNH:2
FNDA:4,getServiceNames
FNDA:3,(anonymous_1)
DA:5,4
LF:1
LH:1
BRF:0
BRH:0
end_of_record
TN:
SF:src/generator/utils/isExists.ts
FN:1,isExists
FNF:1
FNH:0
FNDA:0,isExists
DA:2,0
DA:4,0
DA:5,0
DA:8,0
LF:4
LH:0
BRDA:1,0,0,0
BRDA:2,1,0,0
BRDA:2,1,1,0
BRDA:4,2,0,0
BRDA:4,2,1,0
BRDA:5,3,0,0
BRDA:5,3,1,0
BRF:7
BRH:0
end_of_record
TN:
SF:src/generator/utils/isString.ts
FN:1,isString
FNF:1
FNH:1
FNDA:1,isString
DA:2,1
LF:1
LH:1
BRF:0
BRH:0
end_of_record
TN:
SF:src/generator/utils/pickSpecialOperation.ts
FN:8,pickSpecialOperation
FN:9,(anonymous_1)
FN:9,(anonymous_2)
FN:14,(anonymous_3)
FNF:4
FNH:3
FNDA:5,pickSpecialOperation
FNDA:40,(anonymous_1)
FNDA:100,(anonymous_2)
FNDA:0,(anonymous_3)
DA:9,100
DA:10,5
DA:11,5
DA:14,0
DA:15,0
DA:16,0
DA:19,0
LF:7
LH:3
BRDA:8,0,0,0
BRDA:10,1,0,5
BRDA:10,1,1,0
BRDA:15,2,0,0
BRDA:15,2,1,0
BRF:5
BRH:1
end_of_record
TN:
SF:src/generator/utils/postProcessClient.ts
FN:13,postProcessClient
FN:23,(anonymous_1)
FNF:2
FNH:2
FNDA:1,postProcessClient
FNDA:43,(anonymous_1)
DA:14,1
DA:21,1
DA:23,43
LF:3
LH:3
BRDA:13,0,0,0
BRF:1
BRH:0
end_of_record
TN:
SF:src/generator/utils/postProcessModel.ts
FN:11,postProcessModel
FNF:1
FNH:1
FNDA:43,postProcessModel
DA:12,43
DA:13,43
LF:2
LH:2
BRF:0
BRH:0
end_of_record
TN:
SF:src/generator/utils/postProcessModelEnum.ts
FN:8,postProcessModelEnum
FN:9,(anonymous_1)
FN:10,(anonymous_2)
FNF:3
FNH:3
FNDA:43,postProcessModelEnum
FNDA:12,(anonymous_1)
FNDA:24,(anonymous_2)
DA:9,43
DA:10,24
LF:2
LH:2
BRF:0
BRH:0
end_of_record
TN:
SF:src/generator/utils/postProcessModelEnums.ts
FN:7,postProcessModelEnums
FN:8,(anonymous_1)
FN:9,(anonymous_2)
FNF:3
FNH:3
FNDA:43,postProcessModelEnums
FNDA:2,(anonymous_1)
FNDA:2,(anonymous_2)
DA:8,43
DA:9,2
LF:2
LH:2
BRF:0
BRH:0
end_of_record
TN:
SF:src/generator/utils/postProcessModelImports.ts
FN:9,postProcessModelImports
FN:13,(anonymous_1)
FNF:2
FNH:2
FNDA:43,postProcessModelImports
FNDA:31,(anonymous_1)
DA:10,43
DA:13,31
LF:2
LH:2
BRF:0
BRH:0
end_of_record
TN:
SF:src/generator/utils/postProcessService.ts
FN:6,postProcessService
FN:9,(anonymous_1)
FNF:2
FNH:0
FNDA:0,postProcessService
FNDA:0,(anonymous_1)
DA:7,0
DA:8,0
DA:9,0
DA:10,0
DA:12,0
DA:13,0
LF:6
LH:0
BRF:0
BRH:0
end_of_record
TN:
SF:src/generator/utils/postProcessServiceImports.ts
FN:9,postProcessServiceImports
FN:13,(anonymous_1)
FNF:2
FNH:0
FNDA:0,postProcessServiceImports
FNDA:0,(anonymous_1)
DA:10,0
DA:13,0
LF:2
LH:0
BRF:0
BRH:0
end_of_record
TN:
SF:src/generator/utils/postProcessServiceOperations.ts
FN:6,postProcessServiceOperations
FN:9,(anonymous_1)
FN:14,(anonymous_2)
FN:15,(anonymous_3)
FNF:4
FNH:0
FNDA:0,postProcessServiceOperations
FNDA:0,(anonymous_1)
FNDA:0,(anonymous_2)
FNDA:0,(anonymous_3)
DA:7,0
DA:9,0
DA:10,0
DA:14,0
DA:15,0
DA:18,0
DA:19,0
DA:20,0
DA:21,0
DA:23,0
DA:25,0
LF:11
LH:0
BRDA:19,0,0,0
BRDA:19,0,1,0
BRDA:20,1,0,0
BRDA:20,1,1,0
BRF:4
BRH:0
end_of_record
TN:
SF:src/generator/utils/readHandlebarsTemplate.ts
FN:8,readHandlebarsTemplate
FNF:1
FNH:1
FNDA:63,readHandlebarsTemplate
DA:9,63
DA:11,63
LF:2
LH:2
BRF:0
BRH:0
end_of_record
TN:
SF:src/generator/utils/readHandlebarsTemplates.ts
FN:8,resolveTemplate
FN:33,readHandlebarsTemplates
FN:73,(anonymous_2)
FNF:3
FNH:3
FNDA:62,resolveTemplate
FNDA:2,readHandlebarsTemplates
FNDA:44,(anonymous_2)
DA:11,62
DA:12,62
DA:13,62
DA:14,62
DA:34,2
DA:36,2
DA:48,2
DA:73,2
DA:74,44
DA:75,44
DA:76,44
DA:77,44
DA:80,2
LF:13
LH:13
BRDA:13,0,0,62
BRDA:13,0,1,0
BRF:2
BRH:1
end_of_record
TN:
SF:src/generator/utils/registerHandlebarHelpers.ts
FN:3,registerHandlebarHelpers
FN:4,(anonymous_1)
FN:8,(anonymous_2)
FNF:3
FNH:1
FNDA:2,registerHandlebarHelpers
FNDA:0,(anonymous_1)
FNDA:0,(anonymous_2)
DA:4,2
DA:6,0
DA:8,2
DA:10,0
LF:4
LH:2
BRDA:6,0,0,0
BRDA:6,0,1,0
BRDA:10,1,0,0
BRDA:10,1,1,0
BRF:4
BRH:0
end_of_record
TN:
SF:src/generator/utils/sort.ts
FN:1,sort
FNF:1
FNH:1
FNDA:18,sort
DA:2,18
DA:3,18
DA:4,18
LF:3
LH:3
BRF:0
BRH:0
end_of_record
TN:
SF:src/generator/utils/unique.ts
FN:1,unique
FNF:1
FNH:1
FNDA:37,unique
DA:2,37
LF:1
LH:1
BRF:0
BRH:0
end_of_record
TN:
SF:src/generator/utils/writeApiInfo.ts
FN:15,writeApiInfo
FNF:1
FNH:0
FNDA:0,writeApiInfo
DA:16,0
DA:17,0
DA:20,0
LF:3
LH:0
BRF:0
BRH:0
end_of_record
TN:
SF:src/generator/utils/writeAuth.ts
FN:13,writeAuth
FN:16,pickSpecialOperation
FN:17,(anonymous_2)
FN:17,(anonymous_3)
FN:22,(anonymous_4)
FN:43,(anonymous_5)
FN:44,(anonymous_6)
FN:45,(anonymous_7)
FNF:8
FNH:4
FNDA:1,writeAuth
FNDA:3,pickSpecialOperation
FNDA:0,(anonymous_2)
FNDA:0,(anonymous_3)
FNDA:0,(anonymous_4)
FNDA:3,(anonymous_5)
FNDA:0,(anonymous_6)
FNDA:1,(anonymous_7)
DA:14,1
DA:17,3
DA:18,3
DA:19,3
DA:22,0
DA:23,0
DA:24,0
DA:27,0
DA:36,1
DA:42,1
DA:43,3
DA:44,0
DA:45,1
DA:46,1
DA:48,1
DA:52,1
LF:16
LH:11
BRDA:18,0,0,3
BRDA:18,0,1,0
BRDA:23,1,0,0
BRDA:23,1,1,0
BRF:4
BRH:1
end_of_record
TN:
SF:src/generator/utils/writeClient.ts
FN:20,copySupportFile
FN:35,writeClient
FN:83,getCondition
FNF:3
FNH:3
FNDA:10,copySupportFile
FNDA:1,writeClient
FNDA:1,getCondition
DA:23,10
DA:24,10
DA:25,10
DA:26,10
DA:36,1
DA:37,1
DA:38,1
DA:39,1
DA:40,1
DA:41,1
DA:44,1
DA:45,1
DA:47,1
DA:48,1
DA:49,1
DA:50,1
DA:51,1
DA:52,1
DA:53,1
DA:54,1
DA:55,1
DA:56,1
DA:57,1
DA:58,1
DA:60,1
DA:61,0
DA:63,1
DA:64,0
DA:66,1
DA:67,0
DA:70,1
DA:71,1
DA:73,1
DA:74,1
DA:76,1
DA:77,1
DA:78,1
DA:80,1
DA:84,1
DA:86,1
DA:87,1
DA:88,1
LF:42
LH:39
BRDA:25,0,0,0
BRDA:25,0,1,10
BRDA:60,1,0,0
BRDA:60,1,1,1
BRDA:63,2,0,0
BRDA:63,2,1,1
BRDA:66,3,0,0
BRDA:66,3,1,1
BRDA:84,4,0,1
BRDA:84,4,1,1
BRDA:86,5,0,1
BRDA:86,5,1,1
BRDA:86,6,0,1
BRDA:86,6,1,1
BRDA:90,7,0,0
BRDA:90,7,1,1
BRDA:90,8,0,1
BRDA:90,8,1,0
BRDA:91,9,0,1
BRDA:91,9,1,1
BRF:20
BRH:14
end_of_record
TN:
SF:src/generator/utils/writeClientIndex.ts
FN:18,writeClientIndex
FNF:1
FNH:1
FNDA:2,writeClientIndex
DA:19,2
LF:1
LH:1
BRF:0
BRH:0
end_of_record
TN:
SF:src/generator/utils/writeClientModels.ts
FN:14,writeClientModels
FN:15,(anonymous_1)
FNF:2
FNH:2
FNDA:3,writeClientModels
FNDA:2,(anonymous_1)
DA:15,3
DA:16,2
DA:17,2
DA:18,2
LF:4
LH:4
BRF:0
BRH:0
end_of_record
TN:
SF:src/generator/utils/writeClientSchemas.ts
FN:14,writeClientSchemas
FN:15,(anonymous_1)
FNF:2
FNH:1
FNDA:1,writeClientSchemas
FNDA:0,(anonymous_1)
DA:15,1
DA:16,0
DA:17,0
DA:18,0
LF:4
LH:1
BRF:0
BRH:0
end_of_record
TN:
SF:src/generator/utils/writeClientServices.ts
FN:15,writeClientServices
FN:16,(anonymous_1)
FNF:2
FNH:2
FNDA:2,writeClientServices
FNDA:1,(anonymous_1)
DA:16,2
DA:17,1
DA:18,1
DA:22,1
LF:4
LH:4
BRDA:15,0,0,1
BRF:1
BRH:1
end_of_record
TN:
SF:src/generator/utils/writeClientSettings.ts
FN:13,writeClientSettings
FNF:1
FNH:1
FNDA:1,writeClientSettings
DA:14,1
LF:1
LH:1
BRF:0
BRH:0
end_of_record
TN:
SF:src/generator/utils/writeFirebaseUtil.ts
FN:13,writeFirebaseUtil
FNF:1
FNH:0
FNDA:0,writeFirebaseUtil
DA:14,0
DA:15,0
DA:18,0
LF:3
LH:0
BRF:0
BRH:0
end_of_record
TN:
SF:src/generator/utils/writeUploader.ts
FN:14,writeUploader
FNF:1
FNH:0
FNDA:0,writeUploader
DA:15,0
DA:16,0
DA:20,0
LF:3
LH:0
BRF:0
BRH:0
end_of_record
TN:
SF:src/pull/api.ts
FN:4,requestOpenAPI
FN:9,requestManifest
FN:11,(anonymous_2)
FN:14,trimLastSlash
FN:19,getQuery
FN:22,(anonymous_5)
FNF:6
FNH:0
FNDA:0,requestOpenAPI
FNDA:0,requestManifest
FNDA:0,(anonymous_2)
FNDA:0,trimLastSlash
FNDA:0,getQuery
FNDA:0,(anonymous_5)
DA:5,0
DA:6,0
DA:10,0
DA:11,0
DA:15,0
DA:16,0
DA:20,0
DA:21,0
DA:22,0
LF:9
LH:0
BRDA:16,0,0,0
BRDA:16,0,1,0
BRF:2
BRH:0
end_of_record
TN:
SF:src/pull/index.ts
FN:13,pull
FN:23,writeRcmsFilesWithFetch
FN:45,overwriteConfigurationFile
FNF:3
FNH:0
FNDA:0,pull
FNDA:0,writeRcmsFilesWithFetch
FNDA:0,overwriteConfigurationFile
DA:14,0
DA:15,0
DA:16,0
DA:17,0
DA:19,0
DA:24,0
DA:25,0
DA:28,0
DA:29,0
DA:30,0
DA:32,0
DA:34,0
DA:36,0
DA:37,0
DA:46,0
DA:47,0
DA:51,0
DA:52,0
LF:18
LH:0
BRDA:24,0,0,0
BRDA:24,0,1,0
BRDA:29,1,0,0
BRDA:29,1,1,0
BRDA:29,2,0,0
BRDA:29,2,1,0
BRDA:36,3,0,0
BRDA:36,3,1,0
BRF:8
BRH:0
end_of_record
